
Packet Number: 1  Packet Len: 42

	Ethernet Header
		Dest MAC: ff:ff:ff:ff:ff:ff
		Source MAC: 0:2:2d:90:75:89
		Type: ARP

	ARP Header
		Opcode: Request
		Sender MAC: 0:2:2d:90:75:89
		Sender IP: 192.168.1.102
		Target MAC: 0:0:0:0:0:0
		Target IP: 192.168.1.1


Packet Number: 2  Packet Len: 60

	Ethernet Header
		Dest MAC: 0:2:2d:90:75:89
		Source MAC: 0:6:25:78:c4:7d
		Type: ARP

	ARP Header
		Opcode: Reply
		Sender MAC: 0:6:25:78:c4:7d
		Sender IP: 192.168.1.1
		Target MAC: 0:2:2d:90:75:89
		Target IP: 192.168.1.102


Packet Number: 3  Packet Len: 42

	Ethernet Header
		Dest MAC: ff:ff:ff:ff:ff:ff
		Source MAC: 0:2:2d:90:75:89
		Type: ARP

	ARP Header
		Opcode: Request
		Sender MAC: 0:2:2d:90:75:89
		Sender IP: 192.168.1.102
		Target MAC: 0:0:0:0:0:0
		Target IP: 192.168.1.4


Packet Number: 4  Packet Len: 42

	Ethernet Header
		Dest MAC: ff:ff:ff:ff:ff:ff
		Source MAC: 0:2:2d:90:75:89
		Type: ARP

	ARP Header
		Opcode: Request
		Sender MAC: 0:2:2d:90:75:89
		Sender IP: 192.168.1.102
		Target MAC: 0:0:0:0:0:0
		Target IP: 192.168.1.4


Packet Number: 5  Packet Len: 42

	Ethernet Header
		Dest MAC: ff:ff:ff:ff:ff:ff
		Source MAC: 0:2:2d:90:75:89
		Type: ARP

	ARP Header
		Opcode: Request
		Sender MAC: 0:2:2d:90:75:89
		Sender IP: 192.168.1.102
		Target MAC: 0:0:0:0:0:0
		Target IP: 192.168.1.2


Packet Number: 6  Packet Len: 42

	Ethernet Header
		Dest MAC: ff:ff:ff:ff:ff:ff
		Source MAC: 0:2:2d:90:75:89
		Type: ARP

	ARP Header
		Opcode: Request
		Sender MAC: 0:2:2d:90:75:89
		Sender IP: 192.168.1.102
		Target MAC: 0:0:0:0:0:0
		Target IP: 192.168.1.2


Packet Number: 7  Packet Len: 42

	Ethernet Header
		Dest MAC: ff:ff:ff:ff:ff:ff
		Source MAC: 0:2:2d:90:75:89
		Type: ARP

	ARP Header
		Opcode: Request
		Sender MAC: 0:2:2d:90:75:89
		Sender IP: 192.168.1.102
		Target MAC: 0:0:0:0:0:0
		Target IP: 192.168.1.6


Packet Number: 8  Packet Len: 60

	Ethernet Header
		Dest MAC: ff:ff:ff:ff:ff:ff
		Source MAC: 0:4:5a:4f:77:21
		Type: ARP

	ARP Header
		Opcode: Request
		Sender MAC: 0:4:5a:4f:77:21
		Sender IP: 192.168.1.104
		Target MAC: 0:0:0:0:0:0
		Target IP: 192.168.1.1


Packet Number: 9  Packet Len: 42

	Ethernet Header
		Dest MAC: ff:ff:ff:ff:ff:ff
		Source MAC: 0:2:2d:90:75:89
		Type: ARP

	ARP Header
		Opcode: Request
		Sender MAC: 0:2:2d:90:75:89
		Sender IP: 192.168.1.102
		Target MAC: 0:0:0:0:0:0
		Target IP: 192.168.1.100


Packet Number: 10  Packet Len: 42

	Ethernet Header
		Dest MAC: ff:ff:ff:ff:ff:ff
		Source MAC: 0:2:2d:90:75:89
		Type: ARP

	ARP Header
		Opcode: Request
		Sender MAC: 0:2:2d:90:75:89
		Sender IP: 192.168.1.102
		Target MAC: 0:0:0:0:0:0
		Target IP: 192.168.1.101


Packet Number: 11  Packet Len: 42

	Ethernet Header
		Dest MAC: ff:ff:ff:ff:ff:ff
		Source MAC: 0:2:2d:90:75:89
		Type: ARP

	ARP Header
		Opcode: Request
		Sender MAC: 0:2:2d:90:75:89
		Sender IP: 192.168.1.102
		Target MAC: 0:0:0:0:0:0
		Target IP: 192.168.1.1


Packet Number: 12  Packet Len: 60

	Ethernet Header
		Dest MAC: 0:2:2d:90:75:89
		Source MAC: 0:6:25:78:c4:7d
		Type: ARP

	ARP Header
		Opcode: Reply
		Sender MAC: 0:6:25:78:c4:7d
		Sender IP: 192.168.1.1
		Target MAC: 0:2:2d:90:75:89
		Target IP: 192.168.1.102


Packet Number: 13  Packet Len: 42

	Ethernet Header
		Dest MAC: ff:ff:ff:ff:ff:ff
		Source MAC: 0:2:2d:90:75:89
		Type: ARP

	ARP Header
		Opcode: Request
		Sender MAC: 0:2:2d:90:75:89
		Sender IP: 192.168.1.102
		Target MAC: 0:0:0:0:0:0
		Target IP: 192.168.1.103


Packet Number: 14  Packet Len: 60

	Ethernet Header
		Dest MAC: 0:2:2d:90:75:89
		Source MAC: 0:b:7d:9:dc:6
		Type: ARP

	ARP Header
		Opcode: Reply
		Sender MAC: 0:b:7d:9:dc:6
		Sender IP: 192.168.1.103
		Target MAC: 0:2:2d:90:75:89
		Target IP: 192.168.1.102


Packet Number: 15  Packet Len: 42

	Ethernet Header
		Dest MAC: ff:ff:ff:ff:ff:ff
		Source MAC: 0:2:2d:90:75:89
		Type: ARP

	ARP Header
		Opcode: Request
		Sender MAC: 0:2:2d:90:75:89
		Sender IP: 192.168.1.102
		Target MAC: 0:0:0:0:0:0
		Target IP: 192.168.1.104


Packet Number: 16  Packet Len: 60

	Ethernet Header
		Dest MAC: 0:2:2d:90:75:89
		Source MAC: 0:4:5a:4f:77:21
		Type: ARP

	ARP Header
		Opcode: Reply
		Sender MAC: 0:4:5a:4f:77:21
		Sender IP: 192.168.1.104
		Target MAC: 0:2:2d:90:75:89
		Target IP: 192.168.1.102

