
Packet number: 1  Packet Len: 79

	Ethernet Header
		Dest MAC: 0:6:25:78:c4:7d
		Source MAC: 0:2:2d:90:75:89
		Type: IP

	IP Header
		IP PDU Len: 65
		Header Len (bytes): 28
		TTL: 128
		Protocol: UDP
		Checksum: Correct (0x061b)
		Sender IP: 192.168.1.102
		Dest IP: 64.166.172.8

	UDP Header

Packet number: 2  Packet Len: 71

	Ethernet Header
		Dest MAC: 0:6:25:78:c4:7d
		Source MAC: 0:2:2d:90:75:89
		Type: IP

	IP Header
		IP PDU Len: 57
		Header Len (bytes): 20
		TTL: 128
		Protocol: UDP
		Checksum: Correct (0x52bf)
		Sender IP: 192.168.1.102
		Dest IP: 206.13.29.12

	UDP Header

Packet number: 3  Packet Len: 430

	Ethernet Header
		Dest MAC: 0:2:2d:90:75:89
		Source MAC: 0:6:25:78:c4:7d
		Type: IP

	IP Header
		IP PDU Len: 416
		Header Len (bytes): 28
		TTL: 247
		Protocol: UDP
		Checksum: Correct (0x7246)
		Sender IP: 206.13.29.12
		Dest IP: 192.168.1.102

	UDP Header

Packet number: 4  Packet Len: 74

	Ethernet Header
		Dest MAC: 0:6:25:78:c4:7d
		Source MAC: 0:2:2d:90:75:89
		Type: IP

	IP Header
		IP PDU Len: 60
		Header Len (bytes): 20
		TTL: 128
		Protocol: ICMP
		Checksum: Correct (0x9bd3)
		Sender IP: 192.168.1.102
		Dest IP: 69.226.92.47

Packet number: 5  Packet Len: 82

	Ethernet Header
		Dest MAC: 0:2:2d:90:75:89
		Source MAC: 0:6:25:78:c4:7d
		Type: IP

	IP Header
		IP PDU Len: 68
		Header Len (bytes): 28
		TTL: 56
		Protocol: ICMP
		Checksum: Correct (0xc285)
		Sender IP: 69.226.92.47
		Dest IP: 192.168.1.102

Packet number: 6  Packet Len: 74

	Ethernet Header
		Dest MAC: 0:6:25:78:c4:7d
		Source MAC: 0:2:2d:90:75:89
		Type: IP

	IP Header
		IP PDU Len: 60
		Header Len (bytes): 20
		TTL: 128
		Protocol: ICMP
		Checksum: Correct (0x9bd2)
		Sender IP: 192.168.1.102
		Dest IP: 69.226.92.47

Packet number: 7  Packet Len: 82

	Ethernet Header
		Dest MAC: 0:2:2d:90:75:89
		Source MAC: 0:6:25:78:c4:7d
		Type: IP

	IP Header
		IP PDU Len: 68
		Header Len (bytes): 28
		TTL: 56
		Protocol: ICMP
		Checksum: Correct (0xc284)
		Sender IP: 69.226.92.47
		Dest IP: 192.168.1.102

Packet number: 8  Packet Len: 71

	Ethernet Header
		Dest MAC: 0:6:25:78:c4:7d
		Source MAC: 0:2:2d:90:75:89
		Type: IP

	IP Header
		IP PDU Len: 57
		Header Len (bytes): 20
		TTL: 128
		Protocol: UDP
		Checksum: Correct (0x52bc)
		Sender IP: 192.168.1.102
		Dest IP: 206.13.29.12

	UDP Header

Packet number: 9  Packet Len: 261

	Ethernet Header
		Dest MAC: 0:2:2d:90:75:89
		Source MAC: 0:6:25:78:c4:7d
		Type: IP

	IP Header
		IP PDU Len: 247
		Header Len (bytes): 28
		TTL: 247
		Protocol: UDP
		Checksum: Correct (0x68a3)
		Sender IP: 206.13.29.12
		Dest IP: 192.168.1.102

	UDP Header

Packet number: 10  Packet Len: 74

	Ethernet Header
		Dest MAC: 0:6:25:78:c4:7d
		Source MAC: 0:2:2d:90:75:89
		Type: IP

	IP Header
		IP PDU Len: 60
		Header Len (bytes): 20
		TTL: 128
		Protocol: ICMP
		Checksum: Correct (0xf131)
		Sender IP: 192.168.1.102
		Dest IP: 199.181.132.250

Packet number: 11  Packet Len: 82

	Ethernet Header
		Dest MAC: 0:2:2d:90:75:89
		Source MAC: 0:6:25:78:c4:7d
		Type: IP

	IP Header
		IP PDU Len: 68
		Header Len (bytes): 28
		TTL: 111
		Protocol: ICMP
		Checksum: Correct (0xd634)
		Sender IP: 199.181.132.250
		Dest IP: 192.168.1.102

Packet number: 12  Packet Len: 74

	Ethernet Header
		Dest MAC: 0:6:25:78:c4:7d
		Source MAC: 0:2:2d:90:75:89
		Type: IP

	IP Header
		IP PDU Len: 60
		Header Len (bytes): 20
		TTL: 128
		Protocol: ICMP
		Checksum: Correct (0xf130)
		Sender IP: 192.168.1.102
		Dest IP: 199.181.132.250

Packet number: 13  Packet Len: 82

	Ethernet Header
		Dest MAC: 0:2:2d:90:75:89
		Source MAC: 0:6:25:78:c4:7d
		Type: IP

	IP Header
		IP PDU Len: 68
		Header Len (bytes): 28
		TTL: 111
		Protocol: ICMP
		Checksum: Correct (0xd5ec)
		Sender IP: 199.181.132.250
		Dest IP: 192.168.1.102

Packet number: 14  Packet Len: 74

	Ethernet Header
		Dest MAC: 0:6:25:78:c4:7d
		Source MAC: 0:2:2d:90:75:89
		Type: IP

	IP Header
		IP PDU Len: 60
		Header Len (bytes): 20
		TTL: 128
		Protocol: ICMP
		Checksum: Correct (0xf12f)
		Sender IP: 192.168.1.102
		Dest IP: 199.181.132.250

Packet number: 15  Packet Len: 82

	Ethernet Header
		Dest MAC: 0:2:2d:90:75:89
		Source MAC: 0:6:25:78:c4:7d
		Type: IP

	IP Header
		IP PDU Len: 68
		Header Len (bytes): 28
		TTL: 111
		Protocol: ICMP
		Checksum: Correct (0xd5ac)
		Sender IP: 199.181.132.250
		Dest IP: 192.168.1.102

Packet number: 16  Packet Len: 74

	Ethernet Header
		Dest MAC: 0:6:25:78:c4:7d
		Source MAC: 0:2:2d:90:75:89
		Type: IP

	IP Header
		IP PDU Len: 60
		Header Len (bytes): 20
		TTL: 128
		Protocol: ICMP
		Checksum: Correct (0xf12e)
		Sender IP: 192.168.1.102
		Dest IP: 199.181.132.250

Packet number: 17  Packet Len: 82

	Ethernet Header
		Dest MAC: 0:2:2d:90:75:89
		Source MAC: 0:6:25:78:c4:7d
		Type: IP

	IP Header
		IP PDU Len: 68
		Header Len (bytes): 28
		TTL: 111
		Protocol: ICMP
		Checksum: Correct (0xd575)
		Sender IP: 199.181.132.250
		Dest IP: 192.168.1.102

Packet number: 18  Packet Len: 92

	Ethernet Header
		Dest MAC: ff:ff:ff:ff:ff:ff
		Source MAC: 0:b:7d:9:dc:6
		Type: IP

	IP Header
		IP PDU Len: 78
		Header Len (bytes): 20
		TTL: 128
		Protocol: UDP
		Checksum: Correct (0xb9db)
		Sender IP: 192.168.1.103
		Dest IP: 192.168.1.255

	UDP Header

Packet number: 19  Packet Len: 60

	Ethernet Header
		Dest MAC: ff:ff:ff:ff:ff:ff
		Source MAC: 0:20:18:dc:ae:ab
		Type: ARP

	ARP Header
		Opcode: Request
		Sender MAC: 0:20:18:dc:ae:ab
		Sender IP: 192.168.1.105
		Target MAC: 0:0:0:0:0:0
		Target IP: 192.168.1.103


Packet number: 20  Packet Len: 84

	Ethernet Header
		Dest MAC: 0:6:25:78:c4:7d
		Source MAC: 0:2:2d:90:75:89
		Type: IP

	IP Header
		IP PDU Len: 70
		Header Len (bytes): 20
		TTL: 128
		Protocol: UDP
		Checksum: Correct (0x52aa)
		Sender IP: 192.168.1.102
		Dest IP: 206.13.29.12

	UDP Header

Packet number: 21  Packet Len: 188

	Ethernet Header
		Dest MAC: 0:2:2d:90:75:89
		Source MAC: 0:6:25:78:c4:7d
		Type: IP

	IP Header
		IP PDU Len: 174
		Header Len (bytes): 28
		TTL: 247
		Protocol: UDP
		Checksum: Correct (0x65f7)
		Sender IP: 206.13.29.12
		Dest IP: 192.168.1.102

	UDP Header

Packet number: 22  Packet Len: 62

	Ethernet Header
		Dest MAC: 0:6:25:78:c4:7d
		Source MAC: 0:2:2d:90:75:89
		Type: IP

	IP Header
		IP PDU Len: 48
		Header Len (bytes): 20
		TTL: 128
		Protocol: TCP
		Checksum: Correct (0xd557)
		Sender IP: 192.168.1.102
		Dest IP: 66.212.229.183

	TCP Header
		Segment Length: 28
		Source Port:  1663
		Dest Port:  2147
		Sequence Number: 60341533
		ACK Number: 0
		SYN Flag: Yes
		RST Flag: No
		FIN Flag: No
		ACK Flag: No
		Window Size: 16384
		Checksum: Incorrect (0x88ed) (0x73aa)

Packet number: 23  Packet Len: 68

	Ethernet Header
		Dest MAC: 0:2:2d:90:75:89
		Source MAC: 0:6:25:78:c4:7d
		Type: IP

	IP Header
		IP PDU Len: 52
		Header Len (bytes): 28
		TTL: 237
		Protocol: TCP
		Checksum: Correct (0xee27)
		Sender IP: 66.212.229.183
		Dest IP: 192.168.1.102

	TCP Header
		Segment Length: 24
		Source Port:  2147
		Dest Port:  1663
		Sequence Number: 1013144067
		ACK Number: 60341534
		SYN Flag: Yes
		RST Flag: No
		FIN Flag: No
		ACK Flag: Yes
		Window Size: 8192
		Checksum: Incorrect (0x2785) (0x123e)

Packet number: 24  Packet Len: 54

	Ethernet Header
		Dest MAC: 0:6:25:78:c4:7d
		Source MAC: 0:2:2d:90:75:89
		Type: IP

	IP Header
		IP PDU Len: 40
		Header Len (bytes): 20
		TTL: 128
		Protocol: TCP
		Checksum: Correct (0xd55e)
		Sender IP: 192.168.1.102
		Dest IP: 66.212.229.183

	TCP Header
		Segment Length: 20
		Source Port:  1663
		Dest Port:  2147
		Sequence Number: 60341534
		ACK Number: 1013144068
		SYN Flag: No
		RST Flag: No
		FIN Flag: No
		ACK Flag: Yes
		Window Size: 17424
		Checksum: Incorrect (0x1b2a) (0x05df)

Packet number: 25  Packet Len: 152

	Ethernet Header
		Dest MAC: 0:6:25:78:c4:7d
		Source MAC: 0:2:2d:90:75:89
		Type: IP

	IP Header
		IP PDU Len: 138
		Header Len (bytes): 28
		TTL: 128
		Protocol: TCP
		Checksum: Correct (0x89f3)
		Sender IP: 192.168.1.102
		Dest IP: 66.212.229.183

	TCP Header
		Segment Length: 110
		Source Port:  1663
		Dest Port:  2147
		Sequence Number: 60341534
		ACK Number: 1013144068
		SYN Flag: No
		RST Flag: No
		FIN Flag: No
		ACK Flag: Yes
		Window Size: 17424
		Checksum: Incorrect (0x8318) (0x6e27)

Packet number: 26  Packet Len: 60

	Ethernet Header
		Dest MAC: 0:2:2d:90:75:89
		Source MAC: 0:6:25:78:c4:7d
		Type: IP

	IP Header
		IP PDU Len: 40
		Header Len (bytes): 20
		TTL: 44
		Protocol: TCP
		Checksum: Correct (0x3dca)
		Sender IP: 66.212.229.183
		Dest IP: 192.168.1.102

	TCP Header
		Segment Length: 20
		Source Port:  2147
		Dest Port:  1663
		Sequence Number: 1013144068
		ACK Number: 60341624
		SYN Flag: No
		RST Flag: No
		FIN Flag: No
		ACK Flag: Yes
		Window Size: 5840
		Checksum: Incorrect (0x4810) (0x32c5)

Packet number: 27  Packet Len: 1000

	Ethernet Header
		Dest MAC: 0:2:2d:90:75:89
		Source MAC: 0:6:25:78:c4:7d
		Type: IP

	IP Header
		IP PDU Len: 986
		Header Len (bytes): 28
		TTL: 44
		Protocol: TCP
		Checksum: Correct (0xef0e)
		Sender IP: 66.212.229.183
		Dest IP: 192.168.1.102

	TCP Header
		Segment Length: 958
		Source Port:  2147
		Dest Port:  1663
		Sequence Number: 1013144068
		ACK Number: 60341624
		SYN Flag: No
		RST Flag: No
		FIN Flag: No
		ACK Flag: Yes
		Window Size: 5840
		Checksum: Incorrect (0xb587) (0xa3e6)

Packet number: 28  Packet Len: 266

	Ethernet Header
		Dest MAC: 0:6:25:78:c4:7d
		Source MAC: 0:2:2d:90:75:89
		Type: IP

	IP Header
		IP PDU Len: 252
		Header Len (bytes): 20
		TTL: 128
		Protocol: TCP
		Checksum: Correct (0xd488)
		Sender IP: 192.168.1.102
		Dest IP: 66.212.229.183

	TCP Header
		Segment Length: 232
		Source Port:  1663
		Dest Port:  2147
		Sequence Number: 60341624
		ACK Number: 1013145006
		SYN Flag: No
		RST Flag: No
		FIN Flag: No
		ACK Flag: Yes
		Window Size: 16486
		Checksum: Incorrect (0x3f9d) (0x2b26)

Packet number: 29  Packet Len: 137

	Ethernet Header
		Dest MAC: 0:2:2d:90:75:89
		Source MAC: 0:6:25:78:c4:7d
		Type: IP

	IP Header
		IP PDU Len: 123
		Header Len (bytes): 28
		TTL: 44
		Protocol: TCP
		Checksum: Correct (0xf26c)
		Sender IP: 66.212.229.183
		Dest IP: 192.168.1.102

	TCP Header
		Segment Length: 95
		Source Port:  2147
		Dest Port:  1663
		Sequence Number: 1013145006
		ACK Number: 60341836
		SYN Flag: No
		RST Flag: No
		FIN Flag: No
		ACK Flag: Yes
		Window Size: 6432
		Checksum: Incorrect (0x46c8) (0x31c8)

Packet number: 30  Packet Len: 355

	Ethernet Header
		Dest MAC: 0:6:25:78:c4:7d
		Source MAC: 0:2:2d:90:75:89
		Type: IP

	IP Header
		IP PDU Len: 341
		Header Len (bytes): 20
		TTL: 128
		Protocol: TCP
		Checksum: Correct (0xd42e)
		Sender IP: 192.168.1.102
		Dest IP: 66.212.229.183

	TCP Header
		Segment Length: 321
		Source Port:  1663
		Dest Port:  2147
		Sequence Number: 60341836
		ACK Number: 1013145081
		SYN Flag: No
		RST Flag: No
		FIN Flag: No
		ACK Flag: Yes
		Window Size: 16411
		Checksum: Incorrect (0x98e0) (0x84c2)

Packet number: 31  Packet Len: 568

	Ethernet Header
		Dest MAC: 0:2:2d:90:75:89
		Source MAC: 0:6:25:78:c4:7d
		Type: IP

	IP Header
		IP PDU Len: 554
		Header Len (bytes): 28
		TTL: 44
		Protocol: TCP
		Checksum: Correct (0xf0bc)
		Sender IP: 66.212.229.183
		Dest IP: 192.168.1.102

	TCP Header
		Segment Length: 526
		Source Port:  2147
		Dest Port:  1663
		Sequence Number: 1013145081
		ACK Number: 60342137
		SYN Flag: No
		RST Flag: No
		FIN Flag: No
		ACK Flag: Yes
		Window Size: 7504
		Checksum: Incorrect (0x8800) (0x74af)

Packet number: 32  Packet Len: 139

	Ethernet Header
		Dest MAC: 0:6:25:78:c4:7d
		Source MAC: 0:2:2d:90:75:89
		Type: IP

	IP Header
		IP PDU Len: 125
		Header Len (bytes): 20
		TTL: 128
		Protocol: TCP
		Checksum: Correct (0xd505)
		Sender IP: 192.168.1.102
		Dest IP: 66.212.229.183

	TCP Header
		Segment Length: 105
		Source Port:  1663
		Dest Port:  2147
		Sequence Number: 60342137
		ACK Number: 1013145587
		SYN Flag: No
		RST Flag: No
		FIN Flag: No
		ACK Flag: Yes
		Window Size: 17424
		Checksum: Incorrect (0x0391) (0xee9a)

Packet number: 33  Packet Len: 1514

	Ethernet Header
		Dest MAC: 0:2:2d:90:75:89
		Source MAC: 0:6:25:78:c4:7d
		Type: IP

	IP Header
		IP PDU Len: 1500
		Header Len (bytes): 28
		TTL: 44
		Protocol: TCP
		Checksum: Correct (0xed09)
		Sender IP: 66.212.229.183
		Dest IP: 192.168.1.102

	TCP Header
		Segment Length: 1472
		Source Port:  2147
		Dest Port:  1663
		Sequence Number: 1013145587
		ACK Number: 60342137
		SYN Flag: No
		RST Flag: No
		FIN Flag: No
		ACK Flag: Yes
		Window Size: 7504
		Checksum: Incorrect (0xc07c) (0xb0dd)

Packet number: 34  Packet Len: 1506

	Ethernet Header
		Dest MAC: 0:2:2d:90:75:89
		Source MAC: 0:6:25:78:c4:7d
		Type: IP

	IP Header
		IP PDU Len: 1492
		Header Len (bytes): 20
		TTL: 44
		Protocol: TCP
		Checksum: Correct (0x3819)
		Sender IP: 66.212.229.183
		Dest IP: 192.168.1.102

	TCP Header
		Segment Length: 1472
		Source Port:  2147
		Dest Port:  1663
		Sequence Number: 1013147039
		ACK Number: 60342222
		SYN Flag: No
		RST Flag: No
		FIN Flag: No
		ACK Flag: Yes
		Window Size: 7504
		Checksum: Incorrect (0xc7ec) (0xb84d)

Packet number: 35  Packet Len: 62

	Ethernet Header
		Dest MAC: 0:6:25:78:c4:7d
		Source MAC: 0:2:2d:90:75:89
		Type: IP

	IP Header
		IP PDU Len: 48
		Header Len (bytes): 28
		TTL: 128
		Protocol: TCP
		Checksum: Correct (0x8a49)
		Sender IP: 192.168.1.102
		Dest IP: 66.212.229.183

	TCP Header
		Segment Length: 20
		Source Port:  1663
		Dest Port:  2147
		Sequence Number: 60342222
		ACK Number: 1013148491
		SYN Flag: No
		RST Flag: No
		FIN Flag: No
		ACK Flag: Yes
		Window Size: 17424
		Checksum: Incorrect (0x0733) (0xf1e7)

Packet number: 36  Packet Len: 284

	Ethernet Header
		Dest MAC: 0:2:2d:90:75:89
		Source MAC: 0:6:25:78:c4:7d
		Type: IP

	IP Header
		IP PDU Len: 270
		Header Len (bytes): 20
		TTL: 44
		Protocol: TCP
		Checksum: Correct (0x3cde)
		Sender IP: 66.212.229.183
		Dest IP: 192.168.1.102

	TCP Header
		Segment Length: 250
		Source Port:  2147
		Dest Port:  1663
		Sequence Number: 1013148491
		ACK Number: 60342222
		SYN Flag: No
		RST Flag: No
		FIN Flag: No
		ACK Flag: Yes
		Window Size: 7504
		Checksum: Incorrect (0x9e17) (0x89b2)

Packet number: 37  Packet Len: 171

	Ethernet Header
		Dest MAC: 0:6:25:78:c4:7d
		Source MAC: 0:2:2d:90:75:89
		Type: IP

	IP Header
		IP PDU Len: 157
		Header Len (bytes): 28
		TTL: 128
		Protocol: TCP
		Checksum: Correct (0x89db)
		Sender IP: 192.168.1.102
		Dest IP: 66.212.229.183

	TCP Header
		Segment Length: 129
		Source Port:  1663
		Dest Port:  2147
		Sequence Number: 60342222
		ACK Number: 1013148721
		SYN Flag: No
		RST Flag: No
		FIN Flag: No
		ACK Flag: Yes
		Window Size: 17194
		Checksum: Incorrect (0xd27b) (0xbd9d)

Packet number: 38  Packet Len: 60

	Ethernet Header
		Dest MAC: 0:2:2d:90:75:89
		Source MAC: 0:6:25:78:c4:7d
		Type: IP

	IP Header
		IP PDU Len: 40
		Header Len (bytes): 20
		TTL: 44
		Protocol: TCP
		Checksum: Correct (0x3dc3)
		Sender IP: 66.212.229.183
		Dest IP: 192.168.1.102

	TCP Header
		Segment Length: 20
		Source Port:  2147
		Dest Port:  1663
		Sequence Number: 1013148721
		ACK Number: 60342331
		SYN Flag: No
		RST Flag: No
		FIN Flag: No
		ACK Flag: Yes
		Window Size: 7504
		Checksum: Incorrect (0x2ca0) (0x1755)

Packet number: 39  Packet Len: 907

	Ethernet Header
		Dest MAC: 0:6:25:78:c4:7d
		Source MAC: 0:2:2d:90:75:89
		Type: IP

	IP Header
		IP PDU Len: 893
		Header Len (bytes): 28
		TTL: 128
		Protocol: TCP
		Checksum: Correct (0x86fa)
		Sender IP: 192.168.1.102
		Dest IP: 66.212.229.183

	TCP Header
		Segment Length: 865
		Source Port:  1663
		Dest Port:  2147
		Sequence Number: 60342331
		ACK Number: 1013148721
		SYN Flag: No
		RST Flag: No
		FIN Flag: No
		ACK Flag: Yes
		Window Size: 17194
		Checksum: Incorrect (0x5e96) (0x4c98)

Packet number: 40  Packet Len: 60

	Ethernet Header
		Dest MAC: 0:2:2d:90:75:89
		Source MAC: 0:6:25:78:c4:7d
		Type: IP

	IP Header
		IP PDU Len: 40
		Header Len (bytes): 20
		TTL: 44
		Protocol: TCP
		Checksum: Correct (0x3dc2)
		Sender IP: 66.212.229.183
		Dest IP: 192.168.1.102

	TCP Header
		Segment Length: 20
		Source Port:  2147
		Dest Port:  1663
		Sequence Number: 1013148721
		ACK Number: 60343176
		SYN Flag: No
		RST Flag: No
		FIN Flag: No
		ACK Flag: Yes
		Window Size: 9295
		Checksum: Incorrect (0x2254) (0x0d09)

Packet number: 41  Packet Len: 184

	Ethernet Header
		Dest MAC: 0:2:2d:90:75:89
		Source MAC: 0:6:25:78:c4:7d
		Type: IP

	IP Header
		IP PDU Len: 170
		Header Len (bytes): 28
		TTL: 44
		Protocol: TCP
		Checksum: Correct (0xf236)
		Sender IP: 66.212.229.183
		Dest IP: 192.168.1.102

	TCP Header
		Segment Length: 142
		Source Port:  2147
		Dest Port:  1663
		Sequence Number: 1013148721
		ACK Number: 60343176
		SYN Flag: No
		RST Flag: No
		FIN Flag: No
		ACK Flag: Yes
		Window Size: 9295
		Checksum: Incorrect (0x3e8c) (0x29bb)

Packet number: 42  Packet Len: 1506

	Ethernet Header
		Dest MAC: 0:2:2d:90:75:89
		Source MAC: 0:6:25:78:c4:7d
		Type: IP

	IP Header
		IP PDU Len: 1492
		Header Len (bytes): 20
		TTL: 44
		Protocol: TCP
		Checksum: Correct (0x3814)
		Sender IP: 66.212.229.183
		Dest IP: 192.168.1.102

	TCP Header
		Segment Length: 1472
		Source Port:  2147
		Dest Port:  1663
		Sequence Number: 1013148843
		ACK Number: 60343176
		SYN Flag: No
		RST Flag: No
		FIN Flag: No
		ACK Flag: Yes
		Window Size: 9295
		Checksum: Incorrect (0xd760) (0xc7c1)

Packet number: 43  Packet Len: 62

	Ethernet Header
		Dest MAC: 0:6:25:78:c4:7d
		Source MAC: 0:2:2d:90:75:89
		Type: IP

	IP Header
		IP PDU Len: 48
		Header Len (bytes): 28
		TTL: 128
		Protocol: TCP
		Checksum: Correct (0x8a46)
		Sender IP: 192.168.1.102
		Dest IP: 66.212.229.183

	TCP Header
		Segment Length: 20
		Source Port:  1663
		Dest Port:  2147
		Sequence Number: 60343176
		ACK Number: 1013150295
		SYN Flag: No
		RST Flag: No
		FIN Flag: No
		ACK Flag: Yes
		Window Size: 17424
		Checksum: Incorrect (0xfc6c) (0xe721)

Packet number: 44  Packet Len: 1506

	Ethernet Header
		Dest MAC: 0:2:2d:90:75:89
		Source MAC: 0:6:25:78:c4:7d
		Type: IP

	IP Header
		IP PDU Len: 1492
		Header Len (bytes): 20
		TTL: 44
		Protocol: TCP
		Checksum: Correct (0x3813)
		Sender IP: 66.212.229.183
		Dest IP: 192.168.1.102

	TCP Header
		Segment Length: 1472
		Source Port:  2147
		Dest Port:  1663
		Sequence Number: 1013150295
		ACK Number: 60343176
		SYN Flag: No
		RST Flag: No
		FIN Flag: No
		ACK Flag: Yes
		Window Size: 9295
		Checksum: Incorrect (0x9717) (0x8778)

Packet number: 45  Packet Len: 1514

	Ethernet Header
		Dest MAC: 0:2:2d:90:75:89
		Source MAC: 0:6:25:78:c4:7d
		Type: IP

	IP Header
		IP PDU Len: 1500
		Header Len (bytes): 28
		TTL: 44
		Protocol: TCP
		Checksum: Correct (0xed01)
		Sender IP: 66.212.229.183
		Dest IP: 192.168.1.102

	TCP Header
		Segment Length: 1472
		Source Port:  2147
		Dest Port:  1663
		Sequence Number: 1013151747
		ACK Number: 60343176
		SYN Flag: No
		RST Flag: No
		FIN Flag: No
		ACK Flag: Yes
		Window Size: 9295
		Checksum: Incorrect (0x8214) (0x7275)

Packet number: 46  Packet Len: 54

	Ethernet Header
		Dest MAC: 0:6:25:78:c4:7d
		Source MAC: 0:2:2d:90:75:89
		Type: IP

	IP Header
		IP PDU Len: 40
		Header Len (bytes): 20
		TTL: 128
		Protocol: TCP
		Checksum: Correct (0xd555)
		Sender IP: 192.168.1.102
		Dest IP: 66.212.229.183

	TCP Header
		Segment Length: 20
		Source Port:  1663
		Dest Port:  2147
		Sequence Number: 60343176
		ACK Number: 1013153199
		SYN Flag: No
		RST Flag: No
		FIN Flag: No
		ACK Flag: Yes
		Window Size: 17424
		Checksum: Incorrect (0xf114) (0xdbc9)

Packet number: 47  Packet Len: 1514

	Ethernet Header
		Dest MAC: 0:2:2d:90:75:89
		Source MAC: 0:6:25:78:c4:7d
		Type: IP

	IP Header
		IP PDU Len: 1500
		Header Len (bytes): 28
		TTL: 44
		Protocol: TCP
		Checksum: Correct (0xed00)
		Sender IP: 66.212.229.183
		Dest IP: 192.168.1.102

	TCP Header
		Segment Length: 1472
		Source Port:  2147
		Dest Port:  1663
		Sequence Number: 1013153199
		ACK Number: 60343176
		SYN Flag: No
		RST Flag: No
		FIN Flag: No
		ACK Flag: Yes
		Window Size: 9295
		Checksum: Incorrect (0x1995) (0x09f6)

Packet number: 48  Packet Len: 1506

	Ethernet Header
		Dest MAC: 0:2:2d:90:75:89
		Source MAC: 0:6:25:78:c4:7d
		Type: IP

	IP Header
		IP PDU Len: 1492
		Header Len (bytes): 20
		TTL: 44
		Protocol: TCP
		Checksum: Correct (0x3810)
		Sender IP: 66.212.229.183
		Dest IP: 192.168.1.102

	TCP Header
		Segment Length: 1472
		Source Port:  2147
		Dest Port:  1663
		Sequence Number: 1013154651
		ACK Number: 60343176
		SYN Flag: No
		RST Flag: No
		FIN Flag: No
		ACK Flag: Yes
		Window Size: 9295
		Checksum: Incorrect (0x87f9) (0x785a)

Packet number: 49  Packet Len: 62

	Ethernet Header
		Dest MAC: 0:6:25:78:c4:7d
		Source MAC: 0:2:2d:90:75:89
		Type: IP

	IP Header
		IP PDU Len: 48
		Header Len (bytes): 28
		TTL: 128
		Protocol: TCP
		Checksum: Correct (0x8a44)
		Sender IP: 192.168.1.102
		Dest IP: 66.212.229.183

	TCP Header
		Segment Length: 20
		Source Port:  1663
		Dest Port:  2147
		Sequence Number: 60343176
		ACK Number: 1013156103
		SYN Flag: No
		RST Flag: No
		FIN Flag: No
		ACK Flag: Yes
		Window Size: 17424
		Checksum: Incorrect (0xe5bc) (0xd071)

Packet number: 50  Packet Len: 820

	Ethernet Header
		Dest MAC: 0:2:2d:90:75:89
		Source MAC: 0:6:25:78:c4:7d
		Type: IP

	IP Header
		IP PDU Len: 806
		Header Len (bytes): 20
		TTL: 44
		Protocol: TCP
		Checksum: Correct (0x3abd)
		Sender IP: 66.212.229.183
		Dest IP: 192.168.1.102

	TCP Header
		Segment Length: 786
		Source Port:  2147
		Dest Port:  1663
		Sequence Number: 1013156103
		ACK Number: 60343176
		SYN Flag: No
		RST Flag: No
		FIN Flag: No
		ACK Flag: Yes
		Window Size: 9295
		Checksum: Incorrect (0x1868) (0x061b)

Packet number: 51  Packet Len: 62

	Ethernet Header
		Dest MAC: 0:6:25:78:c4:7d
		Source MAC: 0:2:2d:90:75:89
		Type: IP

	IP Header
		IP PDU Len: 48
		Header Len (bytes): 28
		TTL: 128
		Protocol: TCP
		Checksum: Correct (0x8a43)
		Sender IP: 192.168.1.102
		Dest IP: 66.212.229.183

	TCP Header
		Segment Length: 20
		Source Port:  1663
		Dest Port:  2147
		Sequence Number: 60343176
		ACK Number: 1013156869
		SYN Flag: No
		RST Flag: No
		FIN Flag: No
		ACK Flag: Yes
		Window Size: 16658
		Checksum: Incorrect (0xe5bc) (0xd071)

Packet number: 52  Packet Len: 840

	Ethernet Header
		Dest MAC: 0:2:2d:90:75:89
		Source MAC: 0:6:25:78:c4:7d
		Type: IP

	IP Header
		IP PDU Len: 826
		Header Len (bytes): 20
		TTL: 44
		Protocol: TCP
		Checksum: Correct (0x3aa8)
		Sender IP: 66.212.229.183
		Dest IP: 192.168.1.102

	TCP Header
		Segment Length: 806
		Source Port:  2147
		Dest Port:  1663
		Sequence Number: 1013156869
		ACK Number: 60343176
		SYN Flag: No
		RST Flag: No
		FIN Flag: No
		ACK Flag: Yes
		Window Size: 9295
		Checksum: Incorrect (0x8368) (0x712f)

Packet number: 53  Packet Len: 62

	Ethernet Header
		Dest MAC: 0:6:25:78:c4:7d
		Source MAC: 0:2:2d:90:75:89
		Type: IP

	IP Header
		IP PDU Len: 48
		Header Len (bytes): 28
		TTL: 128
		Protocol: TCP
		Checksum: Correct (0x8a42)
		Sender IP: 192.168.1.102
		Dest IP: 66.212.229.183

	TCP Header
		Segment Length: 20
		Source Port:  1663
		Dest Port:  2147
		Sequence Number: 60343176
		ACK Number: 1013157655
		SYN Flag: No
		RST Flag: No
		FIN Flag: No
		ACK Flag: Yes
		Window Size: 15872
		Checksum: Incorrect (0xe5bc) (0xd071)

Packet number: 54  Packet Len: 139

	Ethernet Header
		Dest MAC: 0:6:25:78:c4:7d
		Source MAC: 0:2:2d:90:75:89
		Type: IP

	IP Header
		IP PDU Len: 125
		Header Len (bytes): 20
		TTL: 128
		Protocol: TCP
		Checksum: Correct (0xd4fc)
		Sender IP: 192.168.1.102
		Dest IP: 66.212.229.183

	TCP Header
		Segment Length: 105
		Source Port:  1663
		Dest Port:  2147
		Sequence Number: 60343176
		ACK Number: 1013157655
		SYN Flag: No
		RST Flag: No
		FIN Flag: No
		ACK Flag: Yes
		Window Size: 15872
		Checksum: Incorrect (0x38b3) (0x23bd)

Packet number: 55  Packet Len: 68

	Ethernet Header
		Dest MAC: 0:2:2d:90:75:89
		Source MAC: 0:6:25:78:c4:7d
		Type: IP

	IP Header
		IP PDU Len: 48
		Header Len (bytes): 28
		TTL: 44
		Protocol: TCP
		Checksum: Correct (0xf2a8)
		Sender IP: 66.212.229.183
		Dest IP: 192.168.1.102

	TCP Header
		Segment Length: 20
		Source Port:  2147
		Dest Port:  1663
		Sequence Number: 1013157655
		ACK Number: 60343261
		SYN Flag: No
		RST Flag: No
		FIN Flag: No
		ACK Flag: Yes
		Window Size: 9295
		Checksum: Incorrect (0xff18) (0xe9cd)

Packet number: 56  Packet Len: 139

	Ethernet Header
		Dest MAC: 0:6:25:78:c4:7d
		Source MAC: 0:2:2d:90:75:89
		Type: IP

	IP Header
		IP PDU Len: 125
		Header Len (bytes): 20
		TTL: 128
		Protocol: TCP
		Checksum: Correct (0xd4fb)
		Sender IP: 192.168.1.102
		Dest IP: 66.212.229.183

	TCP Header
		Segment Length: 105
		Source Port:  1663
		Dest Port:  2147
		Sequence Number: 60343261
		ACK Number: 1013157655
		SYN Flag: No
		RST Flag: No
		FIN Flag: No
		ACK Flag: Yes
		Window Size: 15872
		Checksum: Incorrect (0x741b) (0x5f25)

Packet number: 57  Packet Len: 68

	Ethernet Header
		Dest MAC: 0:2:2d:90:75:89
		Source MAC: 0:6:25:78:c4:7d
		Type: IP

	IP Header
		IP PDU Len: 48
		Header Len (bytes): 28
		TTL: 44
		Protocol: TCP
		Checksum: Correct (0xf2a7)
		Sender IP: 66.212.229.183
		Dest IP: 192.168.1.102

	TCP Header
		Segment Length: 20
		Source Port:  2147
		Dest Port:  1663
		Sequence Number: 1013157655
		ACK Number: 60343346
		SYN Flag: No
		RST Flag: No
		FIN Flag: No
		ACK Flag: Yes
		Window Size: 9295
		Checksum: Incorrect (0xfec3) (0xe978)

Packet number: 58  Packet Len: 139

	Ethernet Header
		Dest MAC: 0:6:25:78:c4:7d
		Source MAC: 0:2:2d:90:75:89
		Type: IP

	IP Header
		IP PDU Len: 125
		Header Len (bytes): 20
		TTL: 128
		Protocol: TCP
		Checksum: Correct (0xd4fa)
		Sender IP: 192.168.1.102
		Dest IP: 66.212.229.183

	TCP Header
		Segment Length: 105
		Source Port:  1663
		Dest Port:  2147
		Sequence Number: 60343346
		ACK Number: 1013157655
		SYN Flag: No
		RST Flag: No
		FIN Flag: No
		ACK Flag: Yes
		Window Size: 15872
		Checksum: Incorrect (0x0f9e) (0xfaa7)

Packet number: 59  Packet Len: 68

	Ethernet Header
		Dest MAC: 0:2:2d:90:75:89
		Source MAC: 0:6:25:78:c4:7d
		Type: IP

	IP Header
		IP PDU Len: 48
		Header Len (bytes): 28
		TTL: 44
		Protocol: TCP
		Checksum: Correct (0xf2a6)
		Sender IP: 66.212.229.183
		Dest IP: 192.168.1.102

	TCP Header
		Segment Length: 20
		Source Port:  2147
		Dest Port:  1663
		Sequence Number: 1013157655
		ACK Number: 60343431
		SYN Flag: No
		RST Flag: No
		FIN Flag: No
		ACK Flag: Yes
		Window Size: 9295
		Checksum: Incorrect (0xfe6e) (0xe923)

Packet number: 60  Packet Len: 293

	Ethernet Header
		Dest MAC: 0:6:25:78:c4:7d
		Source MAC: 0:2:2d:90:75:89
		Type: IP

	IP Header
		IP PDU Len: 279
		Header Len (bytes): 20
		TTL: 128
		Protocol: TCP
		Checksum: Correct (0xd45f)
		Sender IP: 192.168.1.102
		Dest IP: 66.212.229.183

	TCP Header
		Segment Length: 259
		Source Port:  1663
		Dest Port:  2147
		Sequence Number: 60343431
		ACK Number: 1013157655
		SYN Flag: No
		RST Flag: No
		FIN Flag: No
		ACK Flag: Yes
		Window Size: 15872
		Checksum: Incorrect (0xf264) (0xde08)

Packet number: 61  Packet Len: 68

	Ethernet Header
		Dest MAC: 0:2:2d:90:75:89
		Source MAC: 0:6:25:78:c4:7d
		Type: IP

	IP Header
		IP PDU Len: 48
		Header Len (bytes): 28
		TTL: 44
		Protocol: TCP
		Checksum: Correct (0xf2a5)
		Sender IP: 66.212.229.183
		Dest IP: 192.168.1.102

	TCP Header
		Segment Length: 20
		Source Port:  2147
		Dest Port:  1663
		Sequence Number: 1013157655
		ACK Number: 60343670
		SYN Flag: No
		RST Flag: No
		FIN Flag: No
		ACK Flag: Yes
		Window Size: 9295
		Checksum: Incorrect (0xfd7f) (0xe834)

Packet number: 62  Packet Len: 176

	Ethernet Header
		Dest MAC: 0:2:2d:90:75:89
		Source MAC: 0:6:25:78:c4:7d
		Type: IP

	IP Header
		IP PDU Len: 162
		Header Len (bytes): 20
		TTL: 44
		Protocol: TCP
		Checksum: Correct (0x3d3b)
		Sender IP: 66.212.229.183
		Dest IP: 192.168.1.102

	TCP Header
		Segment Length: 142
		Source Port:  2147
		Dest Port:  1663
		Sequence Number: 1013157655
		ACK Number: 60343670
		SYN Flag: No
		RST Flag: No
		FIN Flag: No
		ACK Flag: Yes
		Window Size: 9295
		Checksum: Incorrect (0x209c) (0x0bcb)

Packet number: 63  Packet Len: 62

	Ethernet Header
		Dest MAC: 0:6:25:78:c4:7d
		Source MAC: 0:2:2d:90:75:89
		Type: IP

	IP Header
		IP PDU Len: 48
		Header Len (bytes): 28
		TTL: 128
		Protocol: TCP
		Checksum: Correct (0x8a3d)
		Sender IP: 192.168.1.102
		Dest IP: 66.212.229.183

	TCP Header
		Segment Length: 20
		Source Port:  1663
		Dest Port:  2147
		Sequence Number: 60343670
		ACK Number: 1013157777
		SYN Flag: No
		RST Flag: No
		FIN Flag: No
		ACK Flag: Yes
		Window Size: 15750
		Checksum: Incorrect (0xe3ce) (0xce83)

Packet number: 64  Packet Len: 600

	Ethernet Header
		Dest MAC: 0:2:2d:90:75:89
		Source MAC: 0:6:25:78:c4:7d
		Type: IP

	IP Header
		IP PDU Len: 586
		Header Len (bytes): 20
		TTL: 44
		Protocol: TCP
		Checksum: Correct (0x3b92)
		Sender IP: 66.212.229.183
		Dest IP: 192.168.1.102

	TCP Header
		Segment Length: 566
		Source Port:  2147
		Dest Port:  1663
		Sequence Number: 1013157777
		ACK Number: 60343670
		SYN Flag: No
		RST Flag: No
		FIN Flag: No
		ACK Flag: Yes
		Window Size: 9295
		Checksum: Incorrect (0xb4c6) (0xa19d)

Packet number: 65  Packet Len: 62

	Ethernet Header
		Dest MAC: 0:6:25:78:c4:7d
		Source MAC: 0:2:2d:90:75:89
		Type: IP

	IP Header
		IP PDU Len: 48
		Header Len (bytes): 28
		TTL: 128
		Protocol: TCP
		Checksum: Correct (0x8a3c)
		Sender IP: 192.168.1.102
		Dest IP: 66.212.229.183

	TCP Header
		Segment Length: 20
		Source Port:  1663
		Dest Port:  2147
		Sequence Number: 60343670
		ACK Number: 1013158323
		SYN Flag: No
		RST Flag: No
		FIN Flag: No
		ACK Flag: Yes
		Window Size: 15204
		Checksum: Incorrect (0xe3ce) (0xce83)

Packet number: 66  Packet Len: 54

	Ethernet Header
		Dest MAC: 0:6:25:78:c4:7d
		Source MAC: 0:2:2d:90:75:89
		Type: IP

	IP Header
		IP PDU Len: 40
		Header Len (bytes): 20
		TTL: 128
		Protocol: TCP
		Checksum: Correct (0xd54b)
		Sender IP: 192.168.1.102
		Dest IP: 66.212.229.183

	TCP Header
		Segment Length: 20
		Source Port:  1663
		Dest Port:  2147
		Sequence Number: 60343670
		ACK Number: 1013158323
		SYN Flag: No
		RST Flag: No
		FIN Flag: No
		ACK Flag: Yes
		Window Size: 17424
		Checksum: Incorrect (0xdb22) (0xc5d7)

Packet number: 67  Packet Len: 147

	Ethernet Header
		Dest MAC: 0:6:25:78:c4:7d
		Source MAC: 0:2:2d:90:75:89
		Type: IP

	IP Header
		IP PDU Len: 133
		Header Len (bytes): 28
		TTL: 128
		Protocol: TCP
		Checksum: Correct (0x89e5)
		Sender IP: 192.168.1.102
		Dest IP: 66.212.229.183

	TCP Header
		Segment Length: 105
		Source Port:  1663
		Dest Port:  2147
		Sequence Number: 60343670
		ACK Number: 1013158323
		SYN Flag: No
		RST Flag: No
		FIN Flag: No
		ACK Flag: Yes
		Window Size: 17424
		Checksum: Incorrect (0x44a4) (0x2fae)

Packet number: 68  Packet Len: 60

	Ethernet Header
		Dest MAC: 0:2:2d:90:75:89
		Source MAC: 0:6:25:78:c4:7d
		Type: IP

	IP Header
		IP PDU Len: 40
		Header Len (bytes): 20
		TTL: 44
		Protocol: TCP
		Checksum: Correct (0x3db3)
		Sender IP: 66.212.229.183
		Dest IP: 192.168.1.102

	TCP Header
		Segment Length: 20
		Source Port:  2147
		Dest Port:  1663
		Sequence Number: 1013158323
		ACK Number: 60343755
		SYN Flag: No
		RST Flag: No
		FIN Flag: No
		ACK Flag: Yes
		Window Size: 9295
		Checksum: Incorrect (0xfa8e) (0xe543)

Packet number: 69  Packet Len: 147

	Ethernet Header
		Dest MAC: 0:6:25:78:c4:7d
		Source MAC: 0:2:2d:90:75:89
		Type: IP

	IP Header
		IP PDU Len: 133
		Header Len (bytes): 28
		TTL: 128
		Protocol: TCP
		Checksum: Correct (0x89e4)
		Sender IP: 192.168.1.102
		Dest IP: 66.212.229.183

	TCP Header
		Segment Length: 105
		Source Port:  1663
		Dest Port:  2147
		Sequence Number: 60343755
		ACK Number: 1013158323
		SYN Flag: No
		RST Flag: No
		FIN Flag: No
		ACK Flag: Yes
		Window Size: 17424
		Checksum: Incorrect (0x7365) (0x5e6f)

Packet number: 70  Packet Len: 60

	Ethernet Header
		Dest MAC: 0:2:2d:90:75:89
		Source MAC: 0:6:25:78:c4:7d
		Type: IP

	IP Header
		IP PDU Len: 40
		Header Len (bytes): 20
		TTL: 44
		Protocol: TCP
		Checksum: Correct (0x3db2)
		Sender IP: 66.212.229.183
		Dest IP: 192.168.1.102

	TCP Header
		Segment Length: 20
		Source Port:  2147
		Dest Port:  1663
		Sequence Number: 1013158323
		ACK Number: 60343840
		SYN Flag: No
		RST Flag: No
		FIN Flag: No
		ACK Flag: Yes
		Window Size: 9295
		Checksum: Incorrect (0xfa39) (0xe4ee)

Packet number: 71  Packet Len: 840

	Ethernet Header
		Dest MAC: 0:2:2d:90:75:89
		Source MAC: 0:6:25:78:c4:7d
		Type: IP

	IP Header
		IP PDU Len: 826
		Header Len (bytes): 28
		TTL: 44
		Protocol: TCP
		Checksum: Correct (0xef96)
		Sender IP: 66.212.229.183
		Dest IP: 192.168.1.102

	TCP Header
		Segment Length: 798
		Source Port:  2147
		Dest Port:  1663
		Sequence Number: 1013158323
		ACK Number: 60343840
		SYN Flag: No
		RST Flag: No
		FIN Flag: No
		ACK Flag: Yes
		Window Size: 9295
		Checksum: Incorrect (0xf873) (0xe632)

Packet number: 72  Packet Len: 54

	Ethernet Header
		Dest MAC: 0:6:25:78:c4:7d
		Source MAC: 0:2:2d:90:75:89
		Type: IP

	IP Header
		IP PDU Len: 40
		Header Len (bytes): 20
		TTL: 128
		Protocol: TCP
		Checksum: Correct (0xd548)
		Sender IP: 192.168.1.102
		Dest IP: 66.212.229.183

	TCP Header
		Segment Length: 20
		Source Port:  1663
		Dest Port:  2147
		Sequence Number: 60343840
		ACK Number: 1013159101
		SYN Flag: No
		RST Flag: No
		FIN Flag: No
		ACK Flag: Yes
		Window Size: 16646
		Checksum: Incorrect (0xda78) (0xc52d)

Packet number: 73  Packet Len: 139

	Ethernet Header
		Dest MAC: 0:6:25:78:c4:7d
		Source MAC: 0:2:2d:90:75:89
		Type: IP

	IP Header
		IP PDU Len: 125
		Header Len (bytes): 28
		TTL: 128
		Protocol: TCP
		Checksum: Correct (0x89ea)
		Sender IP: 192.168.1.102
		Dest IP: 66.212.229.183

	TCP Header
		Segment Length: 97
		Source Port:  1663
		Dest Port:  2147
		Sequence Number: 60343840
		ACK Number: 1013159101
		SYN Flag: No
		RST Flag: No
		FIN Flag: No
		ACK Flag: Yes
		Window Size: 16646
		Checksum: Incorrect (0x99bc) (0x84be)

Packet number: 74  Packet Len: 60

	Ethernet Header
		Dest MAC: 0:2:2d:90:75:89
		Source MAC: 0:6:25:78:c4:7d
		Type: IP

	IP Header
		IP PDU Len: 40
		Header Len (bytes): 20
		TTL: 44
		Protocol: TCP
		Checksum: Correct (0x3db0)
		Sender IP: 66.212.229.183
		Dest IP: 192.168.1.102

	TCP Header
		Segment Length: 20
		Source Port:  2147
		Dest Port:  1663
		Sequence Number: 1013159101
		ACK Number: 60343917
		SYN Flag: No
		RST Flag: No
		FIN Flag: No
		ACK Flag: Yes
		Window Size: 9295
		Checksum: Incorrect (0xf6e2) (0xe197)

Packet number: 75  Packet Len: 87

	Ethernet Header
		Dest MAC: 0:6:25:78:c4:7d
		Source MAC: 0:2:2d:90:75:89
		Type: IP

	IP Header
		IP PDU Len: 73
		Header Len (bytes): 28
		TTL: 128
		Protocol: UDP
		Checksum: Correct (0x0785)
		Sender IP: 192.168.1.102
		Dest IP: 206.13.29.12

	UDP Header

Packet number: 76  Packet Len: 175

	Ethernet Header
		Dest MAC: 0:2:2d:90:75:89
		Source MAC: 0:6:25:78:c4:7d
		Type: IP

	IP Header
		IP PDU Len: 161
		Header Len (bytes): 20
		TTL: 247
		Protocol: UDP
		Checksum: Correct (0xa2e0)
		Sender IP: 206.13.29.12
		Dest IP: 192.168.1.102

	UDP Header

Packet number: 77  Packet Len: 70

	Ethernet Header
		Dest MAC: 0:6:25:78:c4:7d
		Source MAC: 0:2:2d:90:75:89
		Type: IP

	IP Header
		IP PDU Len: 56
		Header Len (bytes): 28
		TTL: 128
		Protocol: TCP
		Checksum: Correct (0xc186)
		Sender IP: 192.168.1.102
		Dest IP: 195.10.46.40

	TCP Header
		Segment Length: 28
		Source Port:  1665
		Dest Port:  80
		Sequence Number: 61702072
		ACK Number: 0
		SYN Flag: Yes
		RST Flag: No
		FIN Flag: No
		ACK Flag: No
		Window Size: 16384
		Checksum: Incorrect (0x05a8) (0xb90b)

Packet number: 78  Packet Len: 62

	Ethernet Header
		Dest MAC: 0:2:2d:90:75:89
		Source MAC: 0:6:25:78:c4:7d
		Type: IP

	IP Header
		IP PDU Len: 48
		Header Len (bytes): 20
		TTL: 43
		Protocol: TCP
		Checksum: Correct (0x9c87)
		Sender IP: 195.10.46.40
		Dest IP: 192.168.1.102

	TCP Header
		Segment Length: 28
		Source Port:  80
		Dest Port:  1665
		Sequence Number: 3864167428
		ACK Number: 61702073
		SYN Flag: Yes
		RST Flag: No
		FIN Flag: No
		ACK Flag: Yes
		Window Size: 5840
		Checksum: Incorrect (0xc477) (0x77db)

Packet number: 79  Packet Len: 62

	Ethernet Header
		Dest MAC: 0:6:25:78:c4:7d
		Source MAC: 0:2:2d:90:75:89
		Type: IP

	IP Header
		IP PDU Len: 48
		Header Len (bytes): 28
		TTL: 128
		Protocol: TCP
		Checksum: Correct (0xc18c)
		Sender IP: 192.168.1.102
		Dest IP: 195.10.46.40

	TCP Header
		Segment Length: 20
		Source Port:  1665
		Dest Port:  80
		Sequence Number: 61702073
		ACK Number: 3864167429
		SYN Flag: No
		RST Flag: No
		FIN Flag: No
		ACK Flag: Yes
		Window Size: 17424
		Checksum: Incorrect (0xc3f3) (0x774f)

Packet number: 80  Packet Len: 382

	Ethernet Header
		Dest MAC: 0:6:25:78:c4:7d
		Source MAC: 0:2:2d:90:75:89
		Type: IP

	IP Header
		IP PDU Len: 368
		Header Len (bytes): 20
		TTL: 128
		Protocol: TCP
		Checksum: Correct (0x0b54)
		Sender IP: 192.168.1.102
		Dest IP: 195.10.46.40

	TCP Header
		Segment Length: 348
		Source Port:  1665
		Dest Port:  80
		Sequence Number: 61702073
		ACK Number: 3864167429
		SYN Flag: No
		RST Flag: No
		FIN Flag: No
		ACK Flag: Yes
		Window Size: 17424
		Checksum: Incorrect (0xa038) (0x54dc)

Packet number: 81  Packet Len: 68

	Ethernet Header
		Dest MAC: 0:2:2d:90:75:89
		Source MAC: 0:6:25:78:c4:7d
		Type: IP

	IP Header
		IP PDU Len: 48
		Header Len (bytes): 28
		TTL: 43
		Protocol: TCP
		Checksum: Correct (0x1bb0)
		Sender IP: 195.10.46.40
		Dest IP: 192.168.1.102

	TCP Header
		Segment Length: 20
		Source Port:  80
		Dest Port:  1665
		Sequence Number: 3864167429
		ACK Number: 61702401
		SYN Flag: No
		RST Flag: No
		FIN Flag: No
		ACK Flag: Yes
		Window Size: 6432
		Checksum: Incorrect (0xed9b) (0xa0f7)

Packet number: 82  Packet Len: 1506

	Ethernet Header
		Dest MAC: 0:2:2d:90:75:89
		Source MAC: 0:6:25:78:c4:7d
		Type: IP

	IP Header
		IP PDU Len: 1492
		Header Len (bytes): 20
		TTL: 43
		Protocol: TCP
		Checksum: Correct (0x6113)
		Sender IP: 195.10.46.40
		Dest IP: 192.168.1.102

	TCP Header
		Segment Length: 1472
		Source Port:  80
		Dest Port:  1665
		Sequence Number: 3864167429
		ACK Number: 61702401
		SYN Flag: No
		RST Flag: No
		FIN Flag: No
		ACK Flag: Yes
		Window Size: 6432
		Checksum: Incorrect (0x1728) (0xd02f)

Packet number: 83  Packet Len: 862

	Ethernet Header
		Dest MAC: 0:2:2d:90:75:89
		Source MAC: 0:6:25:78:c4:7d
		Type: IP

	IP Header
		IP PDU Len: 848
		Header Len (bytes): 28
		TTL: 43
		Protocol: TCP
		Checksum: Correct (0x188e)
		Sender IP: 195.10.46.40
		Dest IP: 192.168.1.102

	TCP Header
		Segment Length: 820
		Source Port:  80
		Dest Port:  1665
		Sequence Number: 3864168881
		ACK Number: 61702401
		SYN Flag: No
		RST Flag: No
		FIN Flag: No
		ACK Flag: Yes
		Window Size: 6432
		Checksum: Incorrect (0x15bf) (0xcc3a)

Packet number: 84  Packet Len: 54

	Ethernet Header
		Dest MAC: 0:6:25:78:c4:7d
		Source MAC: 0:2:2d:90:75:89
		Type: IP

	IP Header
		IP PDU Len: 40
		Header Len (bytes): 20
		TTL: 128
		Protocol: TCP
		Checksum: Correct (0x0c9a)
		Sender IP: 192.168.1.102
		Dest IP: 195.10.46.40

	TCP Header
		Segment Length: 20
		Source Port:  1665
		Dest Port:  80
		Sequence Number: 61702401
		ACK Number: 3864169681
		SYN Flag: No
		RST Flag: No
		FIN Flag: No
		ACK Flag: Yes
		Window Size: 17424
		Checksum: Incorrect (0xb9df) (0x6d3b)

Packet number: 85  Packet Len: 591

	Ethernet Header
		Dest MAC: 0:6:25:78:c4:7d
		Source MAC: 0:2:2d:90:75:89
		Type: IP

	IP Header
		IP PDU Len: 577
		Header Len (bytes): 28
		TTL: 128
		Protocol: TCP
		Checksum: Correct (0xbf77)
		Sender IP: 192.168.1.102
		Dest IP: 195.10.46.40

	TCP Header
		Segment Length: 549
		Source Port:  1665
		Dest Port:  80
		Sequence Number: 61702401
		ACK Number: 3864169681
		SYN Flag: No
		RST Flag: No
		FIN Flag: No
		ACK Flag: Yes
		Window Size: 17424
		Checksum: Incorrect (0xf180) (0xa6ed)

Packet number: 86  Packet Len: 62

	Ethernet Header
		Dest MAC: 0:6:25:78:c4:7d
		Source MAC: 0:2:2d:90:75:89
		Type: IP

	IP Header
		IP PDU Len: 48
		Header Len (bytes): 20
		TTL: 128
		Protocol: TCP
		Checksum: Correct (0x0c8f)
		Sender IP: 192.168.1.102
		Dest IP: 195.10.46.40

	TCP Header
		Segment Length: 28
		Source Port:  1666
		Dest Port:  80
		Sequence Number: 61870744
		ACK Number: 0
		SYN Flag: Yes
		RST Flag: No
		FIN Flag: No
		ACK Flag: No
		Window Size: 16384
		Checksum: Incorrect (0x72c4) (0x2628)

Packet number: 87  Packet Len: 1514

	Ethernet Header
		Dest MAC: 0:2:2d:90:75:89
		Source MAC: 0:6:25:78:c4:7d
		Type: IP

	IP Header
		IP PDU Len: 1500
		Header Len (bytes): 28
		TTL: 43
		Protocol: TCP
		Checksum: Correct (0x1601)
		Sender IP: 195.10.46.40
		Dest IP: 192.168.1.102

	TCP Header
		Segment Length: 1472
		Source Port:  80
		Dest Port:  1665
		Sequence Number: 3864169681
		ACK Number: 61702930
		SYN Flag: No
		RST Flag: No
		FIN Flag: No
		ACK Flag: Yes
		Window Size: 7504
		Checksum: Incorrect (0x8719) (0x4021)

Packet number: 88  Packet Len: 1506

	Ethernet Header
		Dest MAC: 0:2:2d:90:75:89
		Source MAC: 0:6:25:78:c4:7d
		Type: IP

	IP Header
		IP PDU Len: 1492
		Header Len (bytes): 20
		TTL: 43
		Protocol: TCP
		Checksum: Correct (0x6110)
		Sender IP: 195.10.46.40
		Dest IP: 192.168.1.102

	TCP Header
		Segment Length: 1472
		Source Port:  80
		Dest Port:  1665
		Sequence Number: 3864171133
		ACK Number: 61702930
		SYN Flag: No
		RST Flag: No
		FIN Flag: No
		ACK Flag: Yes
		Window Size: 7504
		Checksum: Incorrect (0x11ba) (0xcac1)

Packet number: 89  Packet Len: 62

	Ethernet Header
		Dest MAC: 0:6:25:78:c4:7d
		Source MAC: 0:2:2d:90:75:89
		Type: IP

	IP Header
		IP PDU Len: 48
		Header Len (bytes): 28
		TTL: 128
		Protocol: TCP
		Checksum: Correct (0xc184)
		Sender IP: 192.168.1.102
		Dest IP: 195.10.46.40

	TCP Header
		Segment Length: 20
		Source Port:  1665
		Dest Port:  80
		Sequence Number: 61702930
		ACK Number: 3864172585
		SYN Flag: No
		RST Flag: No
		FIN Flag: No
		ACK Flag: Yes
		Window Size: 17424
		Checksum: Incorrect (0xac76) (0x5fd2)

Packet number: 90  Packet Len: 1506

	Ethernet Header
		Dest MAC: 0:2:2d:90:75:89
		Source MAC: 0:6:25:78:c4:7d
		Type: IP

	IP Header
		IP PDU Len: 1492
		Header Len (bytes): 20
		TTL: 43
		Protocol: TCP
		Checksum: Correct (0x610f)
		Sender IP: 195.10.46.40
		Dest IP: 192.168.1.102

	TCP Header
		Segment Length: 1472
		Source Port:  80
		Dest Port:  1665
		Sequence Number: 3864172585
		ACK Number: 61702930
		SYN Flag: No
		RST Flag: No
		FIN Flag: No
		ACK Flag: Yes
		Window Size: 7504
		Checksum: Incorrect (0xe62f) (0x9f37)

Packet number: 91  Packet Len: 62

	Ethernet Header
		Dest MAC: 0:6:25:78:c4:7d
		Source MAC: 0:2:2d:90:75:89
		Type: IP

	IP Header
		IP PDU Len: 48
		Header Len (bytes): 28
		TTL: 128
		Protocol: TCP
		Checksum: Correct (0xc183)
		Sender IP: 192.168.1.102
		Dest IP: 195.10.46.40

	TCP Header
		Segment Length: 20
		Source Port:  1665
		Dest Port:  80
		Sequence Number: 61702930
		ACK Number: 3864174037
		SYN Flag: No
		RST Flag: No
		FIN Flag: No
		ACK Flag: Yes
		Window Size: 17424
		Checksum: Incorrect (0xa6ca) (0x5a26)

Packet number: 92  Packet Len: 62

	Ethernet Header
		Dest MAC: 0:2:2d:90:75:89
		Source MAC: 0:6:25:78:c4:7d
		Type: IP

	IP Header
		IP PDU Len: 48
		Header Len (bytes): 20
		TTL: 43
		Protocol: TCP
		Checksum: Correct (0x9c87)
		Sender IP: 195.10.46.40
		Dest IP: 192.168.1.102

	TCP Header
		Segment Length: 28
		Source Port:  80
		Dest Port:  1666
		Sequence Number: 3557869253
		ACK Number: 61870745
		SYN Flag: Yes
		RST Flag: No
		FIN Flag: No
		ACK Flag: Yes
		Window Size: 5840
		Checksum: Incorrect (0x0115) (0xb478)

Packet number: 93  Packet Len: 62

	Ethernet Header
		Dest MAC: 0:6:25:78:c4:7d
		Source MAC: 0:2:2d:90:75:89
		Type: IP

	IP Header
		IP PDU Len: 48
		Header Len (bytes): 28
		TTL: 128
		Protocol: TCP
		Checksum: Correct (0xc182)
		Sender IP: 192.168.1.102
		Dest IP: 195.10.46.40

	TCP Header
		Segment Length: 20
		Source Port:  1666
		Dest Port:  80
		Sequence Number: 61870745
		ACK Number: 3557869254
		SYN Flag: No
		RST Flag: No
		FIN Flag: No
		ACK Flag: Yes
		Window Size: 17424
		Checksum: Incorrect (0x0091) (0xb3ec)

Packet number: 94  Packet Len: 54

	Ethernet Header
		Dest MAC: 0:6:25:78:c4:7d
		Source MAC: 0:2:2d:90:75:89
		Type: IP

	IP Header
		IP PDU Len: 40
		Header Len (bytes): 20
		TTL: 128
		Protocol: TCP
		Checksum: Correct (0x0c92)
		Sender IP: 192.168.1.102
		Dest IP: 195.10.46.40

	TCP Header
		Segment Length: 20
		Source Port:  1665
		Dest Port:  80
		Sequence Number: 61702930
		ACK Number: 3557869254
		SYN Flag: No
		RST Flag: Yes
		FIN Flag: No
		ACK Flag: No
		Window Size: 0
		Checksum: Incorrect (0xd437) (0x8793)

Packet number: 95  Packet Len: 592

	Ethernet Header
		Dest MAC: 0:6:25:78:c4:7d
		Source MAC: 0:2:2d:90:75:89
		Type: IP

	IP Header
		IP PDU Len: 578
		Header Len (bytes): 28
		TTL: 128
		Protocol: TCP
		Checksum: Correct (0xbf6e)
		Sender IP: 192.168.1.102
		Dest IP: 195.10.46.40

	TCP Header
		Segment Length: 550
		Source Port:  1666
		Dest Port:  80
		Sequence Number: 61870745
		ACK Number: 3557869254
		SYN Flag: No
		RST Flag: No
		FIN Flag: No
		ACK Flag: Yes
		Window Size: 17424
		Checksum: Incorrect (0x461d) (0xfb8a)

Packet number: 96  Packet Len: 62

	Ethernet Header
		Dest MAC: 0:6:25:78:c4:7d
		Source MAC: 0:2:2d:90:75:89
		Type: IP

	IP Header
		IP PDU Len: 48
		Header Len (bytes): 20
		TTL: 128
		Protocol: TCP
		Checksum: Correct (0x0c87)
		Sender IP: 192.168.1.102
		Dest IP: 195.10.46.40

	TCP Header
		Segment Length: 28
		Source Port:  1667
		Dest Port:  80
		Sequence Number: 61961010
		ACK Number: 0
		SYN Flag: Yes
		RST Flag: No
		FIN Flag: No
		ACK Flag: No
		Window Size: 16384
		Checksum: Incorrect (0x1228) (0xc58b)

Packet number: 97  Packet Len: 1514

	Ethernet Header
		Dest MAC: 0:2:2d:90:75:89
		Source MAC: 0:6:25:78:c4:7d
		Type: IP

	IP Header
		IP PDU Len: 1500
		Header Len (bytes): 28
		TTL: 43
		Protocol: TCP
		Checksum: Correct (0x15fe)
		Sender IP: 195.10.46.40
		Dest IP: 192.168.1.102

	TCP Header
		Segment Length: 1472
		Source Port:  80
		Dest Port:  1665
		Sequence Number: 3864174037
		ACK Number: 61702930
		SYN Flag: No
		RST Flag: No
		FIN Flag: No
		ACK Flag: Yes
		Window Size: 7504
		Checksum: Incorrect (0x4706) (0x000e)

Packet number: 98  Packet Len: 54

	Ethernet Header
		Dest MAC: 0:6:25:78:c4:7d
		Source MAC: 0:2:2d:90:75:89
		Type: IP

	IP Header
		IP PDU Len: 40
		Header Len (bytes): 20
		TTL: 128
		Protocol: TCP
		Checksum: Correct (0x4c8d)
		Sender IP: 192.168.1.102
		Dest IP: 195.10.46.40

	TCP Header
		Segment Length: 20
		Source Port:  1665
		Dest Port:  80
		Sequence Number: 61702930
		ACK Number: 61702930
		SYN Flag: No
		RST Flag: Yes
		FIN Flag: No
		ACK Flag: No
		Window Size: 0
		Checksum: Incorrect (0xe84f) (0x9bab)

Packet number: 99  Packet Len: 1514

	Ethernet Header
		Dest MAC: 0:2:2d:90:75:89
		Source MAC: 0:6:25:78:c4:7d
		Type: IP

	IP Header
		IP PDU Len: 1500
		Header Len (bytes): 28
		TTL: 43
		Protocol: TCP
		Checksum: Correct (0x15fd)
		Sender IP: 195.10.46.40
		Dest IP: 192.168.1.102

	TCP Header
		Segment Length: 1472
		Source Port:  80
		Dest Port:  1665
		Sequence Number: 3864175489
		ACK Number: 61702930
		SYN Flag: No
		RST Flag: No
		FIN Flag: No
		ACK Flag: Yes
		Window Size: 7504
		Checksum: Incorrect (0xea20) (0xa328)

Packet number: 100  Packet Len: 54

	Ethernet Header
		Dest MAC: 0:6:25:78:c4:7d
		Source MAC: 0:2:2d:90:75:89
		Type: IP

	IP Header
		IP PDU Len: 40
		Header Len (bytes): 20
		TTL: 128
		Protocol: TCP
		Checksum: Correct (0x4c8c)
		Sender IP: 192.168.1.102
		Dest IP: 195.10.46.40

	TCP Header
		Segment Length: 20
		Source Port:  1665
		Dest Port:  80
		Sequence Number: 61702930
		ACK Number: 61702930
		SYN Flag: No
		RST Flag: Yes
		FIN Flag: No
		ACK Flag: No
		Window Size: 0
		Checksum: Incorrect (0xe84f) (0x9bab)

Packet number: 101  Packet Len: 1514

	Ethernet Header
		Dest MAC: 0:2:2d:90:75:89
		Source MAC: 0:6:25:78:c4:7d
		Type: IP

	IP Header
		IP PDU Len: 1500
		Header Len (bytes): 28
		TTL: 43
		Protocol: TCP
		Checksum: Correct (0x15fc)
		Sender IP: 195.10.46.40
		Dest IP: 192.168.1.102

	TCP Header
		Segment Length: 1472
		Source Port:  80
		Dest Port:  1665
		Sequence Number: 3864176941
		ACK Number: 61702930
		SYN Flag: No
		RST Flag: No
		FIN Flag: No
		ACK Flag: Yes
		Window Size: 7504
		Checksum: Incorrect (0xd7c8) (0x90d0)

Packet number: 102  Packet Len: 54

	Ethernet Header
		Dest MAC: 0:6:25:78:c4:7d
		Source MAC: 0:2:2d:90:75:89
		Type: IP

	IP Header
		IP PDU Len: 40
		Header Len (bytes): 20
		TTL: 128
		Protocol: TCP
		Checksum: Correct (0x4c8b)
		Sender IP: 192.168.1.102
		Dest IP: 195.10.46.40

	TCP Header
		Segment Length: 20
		Source Port:  1665
		Dest Port:  80
		Sequence Number: 61702930
		ACK Number: 61702930
		SYN Flag: No
		RST Flag: Yes
		FIN Flag: No
		ACK Flag: No
		Window Size: 0
		Checksum: Incorrect (0xe84f) (0x9bab)

Packet number: 103  Packet Len: 334

	Ethernet Header
		Dest MAC: 0:2:2d:90:75:89
		Source MAC: 0:6:25:78:c4:7d
		Type: IP

	IP Header
		IP PDU Len: 320
		Header Len (bytes): 28
		TTL: 43
		Protocol: TCP
		Checksum: Correct (0x1a96)
		Sender IP: 195.10.46.40
		Dest IP: 192.168.1.102

	TCP Header
		Segment Length: 292
		Source Port:  80
		Dest Port:  1665
		Sequence Number: 3864179845
		ACK Number: 61702930
		SYN Flag: No
		RST Flag: No
		FIN Flag: No
		ACK Flag: Yes
		Window Size: 7504
		Checksum: Incorrect (0x21a3) (0xd60e)

Packet number: 104  Packet Len: 54

	Ethernet Header
		Dest MAC: 0:6:25:78:c4:7d
		Source MAC: 0:2:2d:90:75:89
		Type: IP

	IP Header
		IP PDU Len: 40
		Header Len (bytes): 20
		TTL: 128
		Protocol: TCP
		Checksum: Correct (0x4c8a)
		Sender IP: 192.168.1.102
		Dest IP: 195.10.46.40

	TCP Header
		Segment Length: 20
		Source Port:  1665
		Dest Port:  80
		Sequence Number: 61702930
		ACK Number: 61702930
		SYN Flag: No
		RST Flag: Yes
		FIN Flag: No
		ACK Flag: No
		Window Size: 0
		Checksum: Incorrect (0xe84f) (0x9bab)

Packet number: 105  Packet Len: 1514

	Ethernet Header
		Dest MAC: 0:2:2d:90:75:89
		Source MAC: 0:6:25:78:c4:7d
		Type: IP

	IP Header
		IP PDU Len: 1500
		Header Len (bytes): 28
		TTL: 43
		Protocol: TCP
		Checksum: Correct (0x15fb)
		Sender IP: 195.10.46.40
		Dest IP: 192.168.1.102

	TCP Header
		Segment Length: 1472
		Source Port:  80
		Dest Port:  1665
		Sequence Number: 3864178393
		ACK Number: 61702930
		SYN Flag: No
		RST Flag: No
		FIN Flag: No
		ACK Flag: Yes
		Window Size: 7504
		Checksum: Incorrect (0xde9d) (0x97a5)

Packet number: 106  Packet Len: 54

	Ethernet Header
		Dest MAC: 0:6:25:78:c4:7d
		Source MAC: 0:2:2d:90:75:89
		Type: IP

	IP Header
		IP PDU Len: 40
		Header Len (bytes): 20
		TTL: 128
		Protocol: TCP
		Checksum: Correct (0x4c89)
		Sender IP: 192.168.1.102
		Dest IP: 195.10.46.40

	TCP Header
		Segment Length: 20
		Source Port:  1665
		Dest Port:  80
		Sequence Number: 61702930
		ACK Number: 61702930
		SYN Flag: No
		RST Flag: Yes
		FIN Flag: No
		ACK Flag: No
		Window Size: 0
		Checksum: Incorrect (0xe84f) (0x9bab)

Packet number: 107  Packet Len: 68

	Ethernet Header
		Dest MAC: 0:2:2d:90:75:89
		Source MAC: 0:6:25:78:c4:7d
		Type: IP

	IP Header
		IP PDU Len: 48
		Header Len (bytes): 28
		TTL: 43
		Protocol: TCP
		Checksum: Correct (0xf95a)
		Sender IP: 195.10.46.40
		Dest IP: 192.168.1.102

	TCP Header
		Segment Length: 20
		Source Port:  80
		Dest Port:  1666
		Sequence Number: 3557869254
		ACK Number: 61871275
		SYN Flag: No
		RST Flag: No
		FIN Flag: No
		ACK Flag: Yes
		Window Size: 6432
		Checksum: Incorrect (0x296f) (0xdcca)

Packet number: 108  Packet Len: 1506

	Ethernet Header
		Dest MAC: 0:2:2d:90:75:89
		Source MAC: 0:6:25:78:c4:7d
		Type: IP

	IP Header
		IP PDU Len: 1492
		Header Len (bytes): 20
		TTL: 43
		Protocol: TCP
		Checksum: Correct (0x3ebe)
		Sender IP: 195.10.46.40
		Dest IP: 192.168.1.102

	TCP Header
		Segment Length: 1472
		Source Port:  80
		Dest Port:  1666
		Sequence Number: 3557869254
		ACK Number: 61871275
		SYN Flag: No
		RST Flag: No
		FIN Flag: No
		ACK Flag: Yes
		Window Size: 6432
		Checksum: Incorrect (0xd6d5) (0x8fdd)

Packet number: 109  Packet Len: 1514

	Ethernet Header
		Dest MAC: 0:2:2d:90:75:89
		Source MAC: 0:6:25:78:c4:7d
		Type: IP

	IP Header
		IP PDU Len: 1500
		Header Len (bytes): 28
		TTL: 43
		Protocol: TCP
		Checksum: Correct (0xf3ac)
		Sender IP: 195.10.46.40
		Dest IP: 192.168.1.102

	TCP Header
		Segment Length: 1472
		Source Port:  80
		Dest Port:  1666
		Sequence Number: 3557870706
		ACK Number: 61871275
		SYN Flag: No
		RST Flag: No
		FIN Flag: No
		ACK Flag: Yes
		Window Size: 6432
		Checksum: Incorrect (0x15c8) (0xcecf)

Packet number: 110  Packet Len: 54

	Ethernet Header
		Dest MAC: 0:6:25:78:c4:7d
		Source MAC: 0:2:2d:90:75:89
		Type: IP

	IP Header
		IP PDU Len: 40
		Header Len (bytes): 20
		TTL: 128
		Protocol: TCP
		Checksum: Correct (0x0c88)
		Sender IP: 192.168.1.102
		Dest IP: 195.10.46.40

	TCP Header
		Segment Length: 20
		Source Port:  1666
		Dest Port:  80
		Sequence Number: 61871275
		ACK Number: 3557872158
		SYN Flag: No
		RST Flag: No
		FIN Flag: No
		ACK Flag: Yes
		Window Size: 17424
		Checksum: Incorrect (0xf326) (0xa682)

Packet number: 111  Packet Len: 70

	Ethernet Header
		Dest MAC: 0:2:2d:90:75:89
		Source MAC: 0:6:25:78:c4:7d
		Type: IP

	IP Header
		IP PDU Len: 56
		Header Len (bytes): 28
		TTL: 43
		Protocol: TCP
		Checksum: Correct (0x5177)
		Sender IP: 195.10.46.40
		Dest IP: 192.168.1.102

	TCP Header
		Segment Length: 28
		Source Port:  80
		Dest Port:  1667
		Sequence Number: 3570495405
		ACK Number: 61961011
		SYN Flag: Yes
		RST Flag: No
		FIN Flag: No
		ACK Flag: Yes
		Window Size: 5840
		Checksum: Incorrect (0xf6cf) (0xaa33)

Packet number: 112  Packet Len: 54

	Ethernet Header
		Dest MAC: 0:6:25:78:c4:7d
		Source MAC: 0:2:2d:90:75:89
		Type: IP

	IP Header
		IP PDU Len: 40
		Header Len (bytes): 20
		TTL: 128
		Protocol: TCP
		Checksum: Correct (0x0c87)
		Sender IP: 192.168.1.102
		Dest IP: 195.10.46.40

	TCP Header
		Segment Length: 20
		Source Port:  1667
		Dest Port:  80
		Sequence Number: 61961011
		ACK Number: 3570495406
		SYN Flag: No
		RST Flag: No
		FIN Flag: No
		ACK Flag: Yes
		Window Size: 17424
		Checksum: Incorrect (0xf64b) (0xa9a7)

Packet number: 113  Packet Len: 587

	Ethernet Header
		Dest MAC: 0:6:25:78:c4:7d
		Source MAC: 0:2:2d:90:75:89
		Type: IP

	IP Header
		IP PDU Len: 573
		Header Len (bytes): 28
		TTL: 128
		Protocol: TCP
		Checksum: Correct (0xbf68)
		Sender IP: 192.168.1.102
		Dest IP: 195.10.46.40

	TCP Header
		Segment Length: 545
		Source Port:  1667
		Dest Port:  80
		Sequence Number: 61961011
		ACK Number: 3570495406
		SYN Flag: No
		RST Flag: No
		FIN Flag: No
		ACK Flag: Yes
		Window Size: 17424
		Checksum: Incorrect (0x365c) (0xebc4)

Packet number: 114  Packet Len: 1506

	Ethernet Header
		Dest MAC: 0:2:2d:90:75:89
		Source MAC: 0:6:25:78:c4:7d
		Type: IP

	IP Header
		IP PDU Len: 1492
		Header Len (bytes): 20
		TTL: 43
		Protocol: TCP
		Checksum: Correct (0x3ebc)
		Sender IP: 195.10.46.40
		Dest IP: 192.168.1.102

	TCP Header
		Segment Length: 1472
		Source Port:  80
		Dest Port:  1666
		Sequence Number: 3557872158
		ACK Number: 61871275
		SYN Flag: No
		RST Flag: No
		FIN Flag: No
		ACK Flag: Yes
		Window Size: 6432
		Checksum: Incorrect (0x6ed0) (0x27d8)

Packet number: 115  Packet Len: 62

	Ethernet Header
		Dest MAC: 0:6:25:78:c4:7d
		Source MAC: 0:2:2d:90:75:89
		Type: IP

	IP Header
		IP PDU Len: 48
		Header Len (bytes): 28
		TTL: 128
		Protocol: TCP
		Checksum: Correct (0xc173)
		Sender IP: 192.168.1.102
		Dest IP: 195.10.46.40

	TCP Header
		Segment Length: 20
		Source Port:  1666
		Dest Port:  80
		Sequence Number: 61871275
		ACK Number: 3557873610
		SYN Flag: No
		RST Flag: No
		FIN Flag: No
		ACK Flag: Yes
		Window Size: 17424
		Checksum: Incorrect (0xed7a) (0xa0d6)

Packet number: 116  Packet Len: 54

	Ethernet Header
		Dest MAC: 0:6:25:78:c4:7d
		Source MAC: 0:2:2d:90:75:89
		Type: IP

	IP Header
		IP PDU Len: 40
		Header Len (bytes): 20
		TTL: 128
		Protocol: TCP
		Checksum: Correct (0x0c83)
		Sender IP: 192.168.1.102
		Dest IP: 195.10.46.40

	TCP Header
		Segment Length: 20
		Source Port:  1666
		Dest Port:  80
		Sequence Number: 61871275
		ACK Number: 3557873610
		SYN Flag: No
		RST Flag: Yes
		FIN Flag: No
		ACK Flag: No
		Window Size: 0
		Checksum: Incorrect (0x3197) (0xe4f2)

Packet number: 117  Packet Len: 1051

	Ethernet Header
		Dest MAC: 0:2:2d:90:75:89
		Source MAC: 0:6:25:78:c4:7d
		Type: IP

	IP Header
		IP PDU Len: 1037
		Header Len (bytes): 28
		TTL: 43
		Protocol: TCP
		Checksum: Correct (0xf579)
		Sender IP: 195.10.46.40
		Dest IP: 192.168.1.102

	TCP Header
		Segment Length: 1009
		Source Port:  80
		Dest Port:  1666
		Sequence Number: 3557873610
		ACK Number: 61871275
		SYN Flag: No
		RST Flag: No
		FIN Flag: No
		ACK Flag: Yes
		Window Size: 6432
		Checksum: Incorrect (0x73c7) (0x2b00)

Packet number: 118  Packet Len: 54

	Ethernet Header
		Dest MAC: 0:6:25:78:c4:7d
		Source MAC: 0:2:2d:90:75:89
		Type: IP

	IP Header
		IP PDU Len: 40
		Header Len (bytes): 20
		TTL: 128
		Protocol: TCP
		Checksum: Correct (0x4c82)
		Sender IP: 192.168.1.102
		Dest IP: 195.10.46.40

	TCP Header
		Segment Length: 20
		Source Port:  1666
		Dest Port:  80
		Sequence Number: 61871275
		ACK Number: 61871275
		SYN Flag: No
		RST Flag: Yes
		FIN Flag: No
		ACK Flag: No
		Window Size: 0
		Checksum: Incorrect (0xc517) (0x7873)

Packet number: 119  Packet Len: 68

	Ethernet Header
		Dest MAC: 0:2:2d:90:75:89
		Source MAC: 0:6:25:78:c4:7d
		Type: IP

	IP Header
		IP PDU Len: 48
		Header Len (bytes): 28
		TTL: 43
		Protocol: TCP
		Checksum: Correct (0x6029)
		Sender IP: 195.10.46.40
		Dest IP: 192.168.1.102

	TCP Header
		Segment Length: 20
		Source Port:  80
		Dest Port:  1667
		Sequence Number: 3570495406
		ACK Number: 61961536
		SYN Flag: No
		RST Flag: No
		FIN Flag: No
		ACK Flag: Yes
		Window Size: 6432
		Checksum: Incorrect (0x1f2f) (0xd28a)

Packet number: 120  Packet Len: 239

	Ethernet Header
		Dest MAC: 0:2:2d:90:75:89
		Source MAC: 0:6:25:78:c4:7d
		Type: IP

	IP Header
		IP PDU Len: 225
		Header Len (bytes): 20
		TTL: 43
		Protocol: TCP
		Checksum: Correct (0xaa7f)
		Sender IP: 195.10.46.40
		Dest IP: 192.168.1.102

	TCP Header
		Segment Length: 205
		Source Port:  80
		Dest Port:  1667
		Sequence Number: 3570495406
		ACK Number: 61961536
		SYN Flag: No
		RST Flag: No
		FIN Flag: No
		ACK Flag: Yes
		Window Size: 6432
		Checksum: Incorrect (0x6a7e) (0x1e93)

Packet number: 121  Packet Len: 70

	Ethernet Header
		Dest MAC: 0:6:25:78:c4:7d
		Source MAC: 0:2:2d:90:75:89
		Type: IP

	IP Header
		IP PDU Len: 56
		Header Len (bytes): 28
		TTL: 128
		Protocol: TCP
		Checksum: Correct (0xc168)
		Sender IP: 192.168.1.102
		Dest IP: 195.10.46.40

	TCP Header
		Segment Length: 28
		Source Port:  1668
		Dest Port:  80
		Sequence Number: 62140588
		ACK Number: 0
		SYN Flag: Yes
		RST Flag: No
		FIN Flag: No
		ACK Flag: No
		Window Size: 16384
		Checksum: Incorrect (0x54aa) (0x080e)

Packet number: 122  Packet Len: 580

	Ethernet Header
		Dest MAC: 0:6:25:78:c4:7d
		Source MAC: 0:2:2d:90:75:89
		Type: IP

	IP Header
		IP PDU Len: 566
		Header Len (bytes): 20
		TTL: 128
		Protocol: TCP
		Checksum: Correct (0x0a71)
		Sender IP: 192.168.1.102
		Dest IP: 195.10.46.40

	TCP Header
		Segment Length: 546
		Source Port:  1667
		Dest Port:  80
		Sequence Number: 61961536
		ACK Number: 3570495591
		SYN Flag: No
		RST Flag: No
		FIN Flag: No
		ACK Flag: Yes
		Window Size: 17239
		Checksum: Incorrect (0x71a3) (0x270d)

Packet number: 123  Packet Len: 70

	Ethernet Header
		Dest MAC: 0:2:2d:90:75:89
		Source MAC: 0:6:25:78:c4:7d
		Type: IP

	IP Header
		IP PDU Len: 56
		Header Len (bytes): 28
		TTL: 43
		Protocol: TCP
		Checksum: Correct (0x5177)
		Sender IP: 195.10.46.40
		Dest IP: 192.168.1.102

	TCP Header
		Segment Length: 28
		Source Port:  80
		Dest Port:  1668
		Sequence Number: 3708262204
		ACK Number: 62140589
		SYN Flag: Yes
		RST Flag: No
		FIN Flag: No
		ACK Flag: Yes
		Window Size: 5840
		Checksum: Incorrect (0x098d) (0xbcf0)

Packet number: 124  Packet Len: 54

	Ethernet Header
		Dest MAC: 0:6:25:78:c4:7d
		Source MAC: 0:2:2d:90:75:89
		Type: IP

	IP Header
		IP PDU Len: 40
		Header Len (bytes): 20
		TTL: 128
		Protocol: TCP
		Checksum: Correct (0x0c7d)
		Sender IP: 192.168.1.102
		Dest IP: 195.10.46.40

	TCP Header
		Segment Length: 20
		Source Port:  1668
		Dest Port:  80
		Sequence Number: 62140589
		ACK Number: 3708262205
		SYN Flag: No
		RST Flag: No
		FIN Flag: No
		ACK Flag: Yes
		Window Size: 17424
		Checksum: Incorrect (0x0909) (0xbc64)

Packet number: 125  Packet Len: 588

	Ethernet Header
		Dest MAC: 0:6:25:78:c4:7d
		Source MAC: 0:2:2d:90:75:89
		Type: IP

	IP Header
		IP PDU Len: 574
		Header Len (bytes): 28
		TTL: 128
		Protocol: TCP
		Checksum: Correct (0xbf5d)
		Sender IP: 192.168.1.102
		Dest IP: 195.10.46.40

	TCP Header
		Segment Length: 546
		Source Port:  1668
		Dest Port:  80
		Sequence Number: 62140589
		ACK Number: 3708262205
		SYN Flag: No
		RST Flag: No
		FIN Flag: No
		ACK Flag: Yes
		Window Size: 17424
		Checksum: Incorrect (0x08e1) (0xbe4a)

Packet number: 126  Packet Len: 1506

	Ethernet Header
		Dest MAC: 0:2:2d:90:75:89
		Source MAC: 0:6:25:78:c4:7d
		Type: IP

	IP Header
		IP PDU Len: 1492
		Header Len (bytes): 20
		TTL: 43
		Protocol: TCP
		Checksum: Correct (0xa58b)
		Sender IP: 195.10.46.40
		Dest IP: 192.168.1.102

	TCP Header
		Segment Length: 1472
		Source Port:  80
		Dest Port:  1667
		Sequence Number: 3570495591
		ACK Number: 61962062
		SYN Flag: No
		RST Flag: No
		FIN Flag: No
		ACK Flag: Yes
		Window Size: 7504
		Checksum: Incorrect (0x97d1) (0x50d9)

Packet number: 127  Packet Len: 1514

	Ethernet Header
		Dest MAC: 0:2:2d:90:75:89
		Source MAC: 0:6:25:78:c4:7d
		Type: IP

	IP Header
		IP PDU Len: 1500
		Header Len (bytes): 28
		TTL: 43
		Protocol: TCP
		Checksum: Correct (0x5a7a)
		Sender IP: 195.10.46.40
		Dest IP: 192.168.1.102

	TCP Header
		Segment Length: 1472
		Source Port:  80
		Dest Port:  1667
		Sequence Number: 3570497043
		ACK Number: 61962062
		SYN Flag: No
		RST Flag: No
		FIN Flag: No
		ACK Flag: Yes
		Window Size: 7504
		Checksum: Incorrect (0xbcea) (0x75f2)

Packet number: 128  Packet Len: 54

	Ethernet Header
		Dest MAC: 0:6:25:78:c4:7d
		Source MAC: 0:2:2d:90:75:89
		Type: IP

	IP Header
		IP PDU Len: 40
		Header Len (bytes): 20
		TTL: 128
		Protocol: TCP
		Checksum: Correct (0x0c7a)
		Sender IP: 192.168.1.102
		Dest IP: 195.10.46.40

	TCP Header
		Segment Length: 20
		Source Port:  1667
		Dest Port:  80
		Sequence Number: 61962062
		ACK Number: 3570498495
		SYN Flag: No
		RST Flag: No
		FIN Flag: No
		ACK Flag: Yes
		Window Size: 17424
		Checksum: Incorrect (0xe61f) (0x997b)

Packet number: 129  Packet Len: 68

	Ethernet Header
		Dest MAC: 0:2:2d:90:75:89
		Source MAC: 0:6:25:78:c4:7d
		Type: IP

	IP Header
		IP PDU Len: 48
		Header Len (bytes): 28
		TTL: 43
		Protocol: TCP
		Checksum: Correct (0x7f4c)
		Sender IP: 195.10.46.40
		Dest IP: 192.168.1.102

	TCP Header
		Segment Length: 20
		Source Port:  80
		Dest Port:  1668
		Sequence Number: 3708262205
		ACK Number: 62141115
		SYN Flag: No
		RST Flag: No
		FIN Flag: No
		ACK Flag: Yes
		Window Size: 6432
		Checksum: Incorrect (0x31eb) (0xe546)

Packet number: 130  Packet Len: 268

	Ethernet Header
		Dest MAC: 0:2:2d:90:75:89
		Source MAC: 0:6:25:78:c4:7d
		Type: IP

	IP Header
		IP PDU Len: 254
		Header Len (bytes): 20
		TTL: 43
		Protocol: TCP
		Checksum: Correct (0xc984)
		Sender IP: 195.10.46.40
		Dest IP: 192.168.1.102

	TCP Header
		Segment Length: 234
		Source Port:  80
		Dest Port:  1668
		Sequence Number: 3708263657
		ACK Number: 62141115
		SYN Flag: No
		RST Flag: No
		FIN Flag: No
		ACK Flag: Yes
		Window Size: 6432
		Checksum: Incorrect (0x8c34) (0x4066)

Packet number: 131  Packet Len: 74

	Ethernet Header
		Dest MAC: 0:6:25:78:c4:7d
		Source MAC: 0:2:2d:90:75:89
		Type: IP

	IP Header
		IP PDU Len: 60
		Header Len (bytes): 28
		TTL: 128
		Protocol: TCP
		Checksum: Correct (0xc15c)
		Sender IP: 192.168.1.102
		Dest IP: 195.10.46.40

	TCP Header
		Segment Length: 32
		Source Port:  1668
		Dest Port:  80
		Sequence Number: 62141115
		ACK Number: 3708262205
		SYN Flag: No
		RST Flag: No
		FIN Flag: No
		ACK Flag: Yes
		Window Size: 17424
		Checksum: Incorrect (0xdc2a) (0x8f92)

Packet number: 132  Packet Len: 1506

	Ethernet Header
		Dest MAC: 0:2:2d:90:75:89
		Source MAC: 0:6:25:78:c4:7d
		Type: IP

	IP Header
		IP PDU Len: 1492
		Header Len (bytes): 20
		TTL: 43
		Protocol: TCP
		Checksum: Correct (0xc4af)
		Sender IP: 195.10.46.40
		Dest IP: 192.168.1.102

	TCP Header
		Segment Length: 1472
		Source Port:  80
		Dest Port:  1668
		Sequence Number: 3708262205
		ACK Number: 62141115
		SYN Flag: No
		RST Flag: No
		FIN Flag: No
		ACK Flag: Yes
		Window Size: 6432
		Checksum: Incorrect (0xf008) (0xa910)

Packet number: 133  Packet Len: 62

	Ethernet Header
		Dest MAC: 0:6:25:78:c4:7d
		Source MAC: 0:2:2d:90:75:89
		Type: IP

	IP Header
		IP PDU Len: 48
		Header Len (bytes): 28
		TTL: 128
		Protocol: TCP
		Checksum: Correct (0xc167)
		Sender IP: 192.168.1.102
		Dest IP: 195.10.46.40

	TCP Header
		Segment Length: 20
		Source Port:  1668
		Dest Port:  80
		Sequence Number: 62141115
		ACK Number: 3708263871
		SYN Flag: No
		RST Flag: No
		FIN Flag: No
		ACK Flag: Yes
		Window Size: 17424
		Checksum: Incorrect (0x0079) (0xb3d4)

Packet number: 134  Packet Len: 54

	Ethernet Header
		Dest MAC: 0:6:25:78:c4:7d
		Source MAC: 0:2:2d:90:75:89
		Type: IP

	IP Header
		IP PDU Len: 40
		Header Len (bytes): 20
		TTL: 128
		Protocol: TCP
		Checksum: Correct (0x0c77)
		Sender IP: 192.168.1.102
		Dest IP: 195.10.46.40

	TCP Header
		Segment Length: 20
		Source Port:  1668
		Dest Port:  80
		Sequence Number: 62141115
		ACK Number: 3708263871
		SYN Flag: No
		RST Flag: Yes
		FIN Flag: No
		ACK Flag: No
		Window Size: 0
		Checksum: Incorrect (0x4495) (0xf7f0)

Packet number: 135  Packet Len: 1514

	Ethernet Header
		Dest MAC: 0:2:2d:90:75:89
		Source MAC: 0:6:25:78:c4:7d
		Type: IP

	IP Header
		IP PDU Len: 1500
		Header Len (bytes): 28
		TTL: 43
		Protocol: TCP
		Checksum: Correct (0x5a79)
		Sender IP: 195.10.46.40
		Dest IP: 192.168.1.102

	TCP Header
		Segment Length: 1472
		Source Port:  80
		Dest Port:  1667
		Sequence Number: 3570498495
		ACK Number: 61962062
		SYN Flag: No
		RST Flag: No
		FIN Flag: No
		ACK Flag: Yes
		Window Size: 7504
		Checksum: Incorrect (0xb31d) (0x6c25)

Packet number: 136  Packet Len: 54

	Ethernet Header
		Dest MAC: 0:6:25:78:c4:7d
		Source MAC: 0:2:2d:90:75:89
		Type: IP

	IP Header
		IP PDU Len: 40
		Header Len (bytes): 20
		TTL: 128
		Protocol: TCP
		Checksum: Correct (0x0c76)
		Sender IP: 192.168.1.102
		Dest IP: 195.10.46.40

	TCP Header
		Segment Length: 20
		Source Port:  1667
		Dest Port:  80
		Sequence Number: 61962062
		ACK Number: 3570499947
		SYN Flag: No
		RST Flag: No
		FIN Flag: No
		ACK Flag: Yes
		Window Size: 17424
		Checksum: Incorrect (0xe073) (0x93cf)

Packet number: 137  Packet Len: 62

	Ethernet Header
		Dest MAC: 0:6:25:78:c4:7d
		Source MAC: 0:2:2d:90:75:89
		Type: IP

	IP Header
		IP PDU Len: 48
		Header Len (bytes): 28
		TTL: 128
		Protocol: TCP
		Checksum: Correct (0xc164)
		Sender IP: 192.168.1.102
		Dest IP: 195.10.46.40

	TCP Header
		Segment Length: 20
		Source Port:  1667
		Dest Port:  80
		Sequence Number: 61962062
		ACK Number: 3570499947
		SYN Flag: No
		RST Flag: Yes
		FIN Flag: No
		ACK Flag: No
		Window Size: 0
		Checksum: Incorrect (0x2490) (0xd7eb)

Packet number: 138  Packet Len: 1506

	Ethernet Header
		Dest MAC: 0:2:2d:90:75:89
		Source MAC: 0:6:25:78:c4:7d
		Type: IP

	IP Header
		IP PDU Len: 1492
		Header Len (bytes): 20
		TTL: 43
		Protocol: TCP
		Checksum: Correct (0xa588)
		Sender IP: 195.10.46.40
		Dest IP: 192.168.1.102

	TCP Header
		Segment Length: 1472
		Source Port:  80
		Dest Port:  1667
		Sequence Number: 3570499947
		ACK Number: 61962062
		SYN Flag: No
		RST Flag: No
		FIN Flag: No
		ACK Flag: Yes
		Window Size: 7504
		Checksum: Incorrect (0x2038) (0xd93f)

Packet number: 139  Packet Len: 62

	Ethernet Header
		Dest MAC: 0:6:25:78:c4:7d
		Source MAC: 0:2:2d:90:75:89
		Type: IP

	IP Header
		IP PDU Len: 48
		Header Len (bytes): 28
		TTL: 128
		Protocol: TCP
		Checksum: Correct (0x0164)
		Sender IP: 192.168.1.102
		Dest IP: 195.10.46.40

	TCP Header
		Segment Length: 20
		Source Port:  1667
		Dest Port:  80
		Sequence Number: 61962062
		ACK Number: 61962062
		SYN Flag: No
		RST Flag: Yes
		FIN Flag: No
		ACK Flag: No
		Window Size: 0
		Checksum: Incorrect (0xffcd) (0xb329)

Packet number: 140  Packet Len: 1506

	Ethernet Header
		Dest MAC: 0:2:2d:90:75:89
		Source MAC: 0:6:25:78:c4:7d
		Type: IP

	IP Header
		IP PDU Len: 1492
		Header Len (bytes): 20
		TTL: 43
		Protocol: TCP
		Checksum: Correct (0xa587)
		Sender IP: 195.10.46.40
		Dest IP: 192.168.1.102

	TCP Header
		Segment Length: 1472
		Source Port:  80
		Dest Port:  1667
		Sequence Number: 3570501399
		ACK Number: 61962062
		SYN Flag: No
		RST Flag: No
		FIN Flag: No
		ACK Flag: Yes
		Window Size: 7504
		Checksum: Incorrect (0xff5e) (0xb866)

Packet number: 141  Packet Len: 62

	Ethernet Header
		Dest MAC: 0:6:25:78:c4:7d
		Source MAC: 0:2:2d:90:75:89
		Type: IP

	IP Header
		IP PDU Len: 48
		Header Len (bytes): 28
		TTL: 128
		Protocol: TCP
		Checksum: Correct (0x0163)
		Sender IP: 192.168.1.102
		Dest IP: 195.10.46.40

	TCP Header
		Segment Length: 20
		Source Port:  1667
		Dest Port:  80
		Sequence Number: 61962062
		ACK Number: 61962062
		SYN Flag: No
		RST Flag: Yes
		FIN Flag: No
		ACK Flag: No
		Window Size: 0
		Checksum: Incorrect (0xffcd) (0xb329)

Packet number: 142  Packet Len: 1506

	Ethernet Header
		Dest MAC: 0:2:2d:90:75:89
		Source MAC: 0:6:25:78:c4:7d
		Type: IP

	IP Header
		IP PDU Len: 1492
		Header Len (bytes): 20
		TTL: 43
		Protocol: TCP
		Checksum: Correct (0xa586)
		Sender IP: 195.10.46.40
		Dest IP: 192.168.1.102

	TCP Header
		Segment Length: 1472
		Source Port:  80
		Dest Port:  1667
		Sequence Number: 3570502851
		ACK Number: 61962062
		SYN Flag: No
		RST Flag: No
		FIN Flag: No
		ACK Flag: Yes
		Window Size: 7504
		Checksum: Incorrect (0x9b60) (0x5468)

Packet number: 143  Packet Len: 62

	Ethernet Header
		Dest MAC: 0:6:25:78:c4:7d
		Source MAC: 0:2:2d:90:75:89
		Type: IP

	IP Header
		IP PDU Len: 48
		Header Len (bytes): 28
		TTL: 128
		Protocol: TCP
		Checksum: Correct (0x0162)
		Sender IP: 192.168.1.102
		Dest IP: 195.10.46.40

	TCP Header
		Segment Length: 20
		Source Port:  1667
		Dest Port:  80
		Sequence Number: 61962062
		ACK Number: 61962062
		SYN Flag: No
		RST Flag: Yes
		FIN Flag: No
		ACK Flag: No
		Window Size: 0
		Checksum: Incorrect (0xffcd) (0xb329)

Packet number: 144  Packet Len: 1506

	Ethernet Header
		Dest MAC: 0:2:2d:90:75:89
		Source MAC: 0:6:25:78:c4:7d
		Type: IP

	IP Header
		IP PDU Len: 1492
		Header Len (bytes): 20
		TTL: 43
		Protocol: TCP
		Checksum: Correct (0xa585)
		Sender IP: 195.10.46.40
		Dest IP: 192.168.1.102

	TCP Header
		Segment Length: 1472
		Source Port:  80
		Dest Port:  1667
		Sequence Number: 3570504303
		ACK Number: 61962062
		SYN Flag: No
		RST Flag: No
		FIN Flag: No
		ACK Flag: Yes
		Window Size: 7504
		Checksum: Incorrect (0xd397) (0x8c9f)

Packet number: 145  Packet Len: 62

	Ethernet Header
		Dest MAC: 0:6:25:78:c4:7d
		Source MAC: 0:2:2d:90:75:89
		Type: IP

	IP Header
		IP PDU Len: 48
		Header Len (bytes): 28
		TTL: 128
		Protocol: TCP
		Checksum: Correct (0x0161)
		Sender IP: 192.168.1.102
		Dest IP: 195.10.46.40

	TCP Header
		Segment Length: 20
		Source Port:  1667
		Dest Port:  80
		Sequence Number: 61962062
		ACK Number: 61962062
		SYN Flag: No
		RST Flag: Yes
		FIN Flag: No
		ACK Flag: No
		Window Size: 0
		Checksum: Incorrect (0xffcd) (0xb329)

Packet number: 146  Packet Len: 131

	Ethernet Header
		Dest MAC: 0:6:25:78:c4:7d
		Source MAC: 0:2:2d:90:75:89
		Type: IP

	IP Header
		IP PDU Len: 117
		Header Len (bytes): 20
		TTL: 128
		Protocol: TCP
		Checksum: Correct (0xd4c9)
		Sender IP: 192.168.1.102
		Dest IP: 66.212.229.183

	TCP Header
		Segment Length: 97
		Source Port:  1663
		Dest Port:  2147
		Sequence Number: 60343917
		ACK Number: 1013159101
		SYN Flag: No
		RST Flag: No
		FIN Flag: No
		ACK Flag: Yes
		Window Size: 16646
		Checksum: Incorrect (0x28e7) (0x13e9)

Packet number: 147  Packet Len: 68

	Ethernet Header
		Dest MAC: 0:2:2d:90:75:89
		Source MAC: 0:6:25:78:c4:7d
		Type: IP

	IP Header
		IP PDU Len: 48
		Header Len (bytes): 28
		TTL: 44
		Protocol: TCP
		Checksum: Correct (0xf29e)
		Sender IP: 66.212.229.183
		Dest IP: 192.168.1.102

	TCP Header
		Segment Length: 20
		Source Port:  2147
		Dest Port:  1663
		Sequence Number: 1013159101
		ACK Number: 60343994
		SYN Flag: No
		RST Flag: No
		FIN Flag: No
		ACK Flag: Yes
		Window Size: 9295
		Checksum: Incorrect (0xf695) (0xe14a)

Packet number: 148  Packet Len: 147

	Ethernet Header
		Dest MAC: 0:6:25:78:c4:7d
		Source MAC: 0:2:2d:90:75:89
		Type: IP

	IP Header
		IP PDU Len: 133
		Header Len (bytes): 20
		TTL: 128
		Protocol: TCP
		Checksum: Correct (0xd4b8)
		Sender IP: 192.168.1.102
		Dest IP: 66.212.229.183

	TCP Header
		Segment Length: 113
		Source Port:  1663
		Dest Port:  2147
		Sequence Number: 60343994
		ACK Number: 1013159101
		SYN Flag: No
		RST Flag: No
		FIN Flag: No
		ACK Flag: Yes
		Window Size: 16646
		Checksum: Incorrect (0xca8b) (0xb59d)

Packet number: 149  Packet Len: 68

	Ethernet Header
		Dest MAC: 0:2:2d:90:75:89
		Source MAC: 0:6:25:78:c4:7d
		Type: IP

	IP Header
		IP PDU Len: 48
		Header Len (bytes): 28
		TTL: 44
		Protocol: TCP
		Checksum: Correct (0xf29d)
		Sender IP: 66.212.229.183
		Dest IP: 192.168.1.102

	TCP Header
		Segment Length: 20
		Source Port:  2147
		Dest Port:  1663
		Sequence Number: 1013159101
		ACK Number: 60344087
		SYN Flag: No
		RST Flag: No
		FIN Flag: No
		ACK Flag: Yes
		Window Size: 9295
		Checksum: Incorrect (0xf638) (0xe0ed)

Packet number: 150  Packet Len: 1506

	Ethernet Header
		Dest MAC: 0:2:2d:90:75:89
		Source MAC: 0:6:25:78:c4:7d
		Type: IP

	IP Header
		IP PDU Len: 1492
		Header Len (bytes): 20
		TTL: 44
		Protocol: TCP
		Checksum: Correct (0x3801)
		Sender IP: 66.212.229.183
		Dest IP: 192.168.1.102

	TCP Header
		Segment Length: 1472
		Source Port:  2147
		Dest Port:  1663
		Sequence Number: 1013159101
		ACK Number: 60344087
		SYN Flag: No
		RST Flag: No
		FIN Flag: No
		ACK Flag: Yes
		Window Size: 9295
		Checksum: Incorrect (0x4607) (0x3668)

Packet number: 151  Packet Len: 1514

	Ethernet Header
		Dest MAC: 0:2:2d:90:75:89
		Source MAC: 0:6:25:78:c4:7d
		Type: IP

	IP Header
		IP PDU Len: 1500
		Header Len (bytes): 28
		TTL: 44
		Protocol: TCP
		Checksum: Correct (0xecef)
		Sender IP: 66.212.229.183
		Dest IP: 192.168.1.102

	TCP Header
		Segment Length: 1472
		Source Port:  2147
		Dest Port:  1663
		Sequence Number: 1013160553
		ACK Number: 60344087
		SYN Flag: No
		RST Flag: No
		FIN Flag: No
		ACK Flag: Yes
		Window Size: 9295
		Checksum: Incorrect (0xb915) (0xa976)

Packet number: 152  Packet Len: 54

	Ethernet Header
		Dest MAC: 0:6:25:78:c4:7d
		Source MAC: 0:2:2d:90:75:89
		Type: IP

	IP Header
		IP PDU Len: 40
		Header Len (bytes): 20
		TTL: 128
		Protocol: TCP
		Checksum: Correct (0xd514)
		Sender IP: 192.168.1.102
		Dest IP: 66.212.229.183

	TCP Header
		Segment Length: 20
		Source Port:  1663
		Dest Port:  2147
		Sequence Number: 60344087
		ACK Number: 1013162005
		SYN Flag: No
		RST Flag: No
		FIN Flag: No
		ACK Flag: Yes
		Window Size: 17424
		Checksum: Incorrect (0xcb1f) (0xb5d4)

Packet number: 153  Packet Len: 696

	Ethernet Header
		Dest MAC: 0:2:2d:90:75:89
		Source MAC: 0:6:25:78:c4:7d
		Type: IP

	IP Header
		IP PDU Len: 682
		Header Len (bytes): 28
		TTL: 44
		Protocol: TCP
		Checksum: Correct (0xf020)
		Sender IP: 66.212.229.183
		Dest IP: 192.168.1.102

	TCP Header
		Segment Length: 654
		Source Port:  2147
		Dest Port:  1663
		Sequence Number: 1013162005
		ACK Number: 60344087
		SYN Flag: No
		RST Flag: No
		FIN Flag: No
		ACK Flag: Yes
		Window Size: 9295
		Checksum: Incorrect (0xe844) (0xd573)

Packet number: 154  Packet Len: 54

	Ethernet Header
		Dest MAC: 0:6:25:78:c4:7d
		Source MAC: 0:2:2d:90:75:89
		Type: IP

	IP Header
		IP PDU Len: 40
		Header Len (bytes): 20
		TTL: 128
		Protocol: TCP
		Checksum: Correct (0xd513)
		Sender IP: 192.168.1.102
		Dest IP: 66.212.229.183

	TCP Header
		Segment Length: 20
		Source Port:  1663
		Dest Port:  2147
		Sequence Number: 60344087
		ACK Number: 1013162639
		SYN Flag: No
		RST Flag: No
		FIN Flag: No
		ACK Flag: Yes
		Window Size: 16790
		Checksum: Incorrect (0xcb1f) (0xb5d4)

Packet number: 155  Packet Len: 304

	Ethernet Header
		Dest MAC: 0:2:2d:90:75:89
		Source MAC: 0:6:25:78:c4:7d
		Type: IP

	IP Header
		IP PDU Len: 290
		Header Len (bytes): 28
		TTL: 44
		Protocol: TCP
		Checksum: Correct (0xf1a7)
		Sender IP: 66.212.229.183
		Dest IP: 192.168.1.102

	TCP Header
		Segment Length: 262
		Source Port:  2147
		Dest Port:  1663
		Sequence Number: 1013162639
		ACK Number: 60344087
		SYN Flag: No
		RST Flag: No
		FIN Flag: No
		ACK Flag: Yes
		Window Size: 9295
		Checksum: Incorrect (0x91d9) (0x7d80)

Packet number: 156  Packet Len: 131

	Ethernet Header
		Dest MAC: 0:6:25:78:c4:7d
		Source MAC: 0:2:2d:90:75:89
		Type: IP

	IP Header
		IP PDU Len: 117
		Header Len (bytes): 20
		TTL: 128
		Protocol: TCP
		Checksum: Correct (0xd4c5)
		Sender IP: 192.168.1.102
		Dest IP: 66.212.229.183

	TCP Header
		Segment Length: 97
		Source Port:  1663
		Dest Port:  2147
		Sequence Number: 60344087
		ACK Number: 1013162881
		SYN Flag: No
		RST Flag: No
		FIN Flag: No
		ACK Flag: Yes
		Window Size: 16548
		Checksum: Incorrect (0x9308) (0x7e0a)

Packet number: 157  Packet Len: 68

	Ethernet Header
		Dest MAC: 0:2:2d:90:75:89
		Source MAC: 0:6:25:78:c4:7d
		Type: IP

	IP Header
		IP PDU Len: 48
		Header Len (bytes): 28
		TTL: 44
		Protocol: TCP
		Checksum: Correct (0xf298)
		Sender IP: 66.212.229.183
		Dest IP: 192.168.1.102

	TCP Header
		Segment Length: 20
		Source Port:  2147
		Dest Port:  1663
		Sequence Number: 1013162881
		ACK Number: 60344164
		SYN Flag: No
		RST Flag: No
		FIN Flag: No
		ACK Flag: Yes
		Window Size: 9295
		Checksum: Incorrect (0xe727) (0xd1dc)

Packet number: 158  Packet Len: 208

	Ethernet Header
		Dest MAC: 0:6:25:78:c4:7d
		Source MAC: 0:2:2d:90:75:89
		Type: IP

	IP Header
		IP PDU Len: 194
		Header Len (bytes): 20
		TTL: 128
		Protocol: TCP
		Checksum: Correct (0xd477)
		Sender IP: 192.168.1.102
		Dest IP: 66.212.229.183

	TCP Header
		Segment Length: 174
		Source Port:  1663
		Dest Port:  2147
		Sequence Number: 60344164
		ACK Number: 1013162881
		SYN Flag: No
		RST Flag: No
		FIN Flag: No
		ACK Flag: Yes
		Window Size: 16548
		Checksum: Incorrect (0x6474) (0x4fc3)

Packet number: 159  Packet Len: 272

	Ethernet Header
		Dest MAC: 0:2:2d:90:75:89
		Source MAC: 0:6:25:78:c4:7d
		Type: IP

	IP Header
		IP PDU Len: 258
		Header Len (bytes): 28
		TTL: 44
		Protocol: TCP
		Checksum: Correct (0xf1c5)
		Sender IP: 66.212.229.183
		Dest IP: 192.168.1.102

	TCP Header
		Segment Length: 230
		Source Port:  2147
		Dest Port:  1663
		Sequence Number: 1013162881
		ACK Number: 60344164
		SYN Flag: No
		RST Flag: No
		FIN Flag: No
		ACK Flag: Yes
		Window Size: 9295
		Checksum: Incorrect (0x8aa5) (0x762c)

Packet number: 160  Packet Len: 60

	Ethernet Header
		Dest MAC: 0:2:2d:90:75:89
		Source MAC: 0:6:25:78:c4:7d
		Type: IP

	IP Header
		IP PDU Len: 40
		Header Len (bytes): 20
		TTL: 44
		Protocol: TCP
		Checksum: Correct (0x3da7)
		Sender IP: 66.212.229.183
		Dest IP: 192.168.1.102

	TCP Header
		Segment Length: 20
		Source Port:  2147
		Dest Port:  1663
		Sequence Number: 1013163091
		ACK Number: 60344318
		SYN Flag: No
		RST Flag: No
		FIN Flag: No
		ACK Flag: Yes
		Window Size: 10985
		Checksum: Incorrect (0xdf21) (0xc9d6)

Packet number: 161  Packet Len: 248

	Ethernet Header
		Dest MAC: 0:6:25:78:c4:7d
		Source MAC: 0:2:2d:90:75:89
		Type: IP

	IP Header
		IP PDU Len: 234
		Header Len (bytes): 28
		TTL: 128
		Protocol: TCP
		Checksum: Correct (0x8946)
		Sender IP: 192.168.1.102
		Dest IP: 66.212.229.183

	TCP Header
		Segment Length: 206
		Source Port:  1663
		Dest Port:  2147
		Sequence Number: 60344318
		ACK Number: 1013163091
		SYN Flag: No
		RST Flag: No
		FIN Flag: No
		ACK Flag: Yes
		Window Size: 16338
		Checksum: Incorrect (0xba9d) (0xa60c)

Packet number: 162  Packet Len: 1200

	Ethernet Header
		Dest MAC: 0:2:2d:90:75:89
		Source MAC: 0:6:25:78:c4:7d
		Type: IP

	IP Header
		IP PDU Len: 1186
		Header Len (bytes): 20
		TTL: 44
		Protocol: TCP
		Checksum: Correct (0x392c)
		Sender IP: 66.212.229.183
		Dest IP: 192.168.1.102

	TCP Header
		Segment Length: 1166
		Source Port:  2147
		Dest Port:  1663
		Sequence Number: 1013163091
		ACK Number: 60344504
		SYN Flag: No
		RST Flag: No
		FIN Flag: No
		ACK Flag: Yes
		Window Size: 12675
		Checksum: Incorrect (0x4538) (0x3467)

Packet number: 163  Packet Len: 62

	Ethernet Header
		Dest MAC: 0:6:25:78:c4:7d
		Source MAC: 0:2:2d:90:75:89
		Type: IP

	IP Header
		IP PDU Len: 48
		Header Len (bytes): 28
		TTL: 128
		Protocol: TCP
		Checksum: Correct (0x89ff)
		Sender IP: 192.168.1.102
		Dest IP: 66.212.229.183

	TCP Header
		Segment Length: 20
		Source Port:  1663
		Dest Port:  2147
		Sequence Number: 60344504
		ACK Number: 1013164237
		SYN Flag: No
		RST Flag: No
		FIN Flag: No
		ACK Flag: Yes
		Window Size: 17424
		Checksum: Incorrect (0xc0c6) (0xab7b)

Packet number: 164  Packet Len: 147

	Ethernet Header
		Dest MAC: 0:6:25:78:c4:7d
		Source MAC: 0:2:2d:90:75:89
		Type: IP

	IP Header
		IP PDU Len: 133
		Header Len (bytes): 20
		TTL: 128
		Protocol: TCP
		Checksum: Correct (0xd4b1)
		Sender IP: 192.168.1.102
		Dest IP: 66.212.229.183

	TCP Header
		Segment Length: 113
		Source Port:  1663
		Dest Port:  2147
		Sequence Number: 60344504
		ACK Number: 1013164237
		SYN Flag: No
		RST Flag: No
		FIN Flag: No
		ACK Flag: Yes
		Window Size: 17424
		Checksum: Incorrect (0xc7a8) (0xb2ba)

Packet number: 165  Packet Len: 131

	Ethernet Header
		Dest MAC: 0:6:25:78:c4:7d
		Source MAC: 0:2:2d:90:75:89
		Type: IP

	IP Header
		IP PDU Len: 117
		Header Len (bytes): 28
		TTL: 128
		Protocol: TCP
		Checksum: Correct (0x89b8)
		Sender IP: 192.168.1.102
		Dest IP: 66.212.229.183

	TCP Header
		Segment Length: 89
		Source Port:  1663
		Dest Port:  2147
		Sequence Number: 60344597
		ACK Number: 1013164237
		SYN Flag: No
		RST Flag: No
		FIN Flag: Yes
		ACK Flag: Yes
		Window Size: 17424
		Checksum: Incorrect (0x36fc) (0x21f6)

Packet number: 166  Packet Len: 60

	Ethernet Header
		Dest MAC: 0:2:2d:90:75:89
		Source MAC: 0:6:25:78:c4:7d
		Type: IP

	IP Header
		IP PDU Len: 40
		Header Len (bytes): 20
		TTL: 44
		Protocol: TCP
		Checksum: Correct (0x3da5)
		Sender IP: 66.212.229.183
		Dest IP: 192.168.1.102

	TCP Header
		Segment Length: 20
		Source Port:  2147
		Dest Port:  1663
		Sequence Number: 1013164237
		ACK Number: 60344667
		SYN Flag: No
		RST Flag: No
		FIN Flag: Yes
		ACK Flag: Yes
		Window Size: 12675
		Checksum: Incorrect (0xd2af) (0xbd64)

Packet number: 167  Packet Len: 62

	Ethernet Header
		Dest MAC: 0:6:25:78:c4:7d
		Source MAC: 0:2:2d:90:75:89
		Type: IP

	IP Header
		IP PDU Len: 48
		Header Len (bytes): 28
		TTL: 128
		Protocol: TCP
		Checksum: Correct (0x89fc)
		Sender IP: 192.168.1.102
		Dest IP: 66.212.229.183

	TCP Header
		Segment Length: 20
		Source Port:  1663
		Dest Port:  2147
		Sequence Number: 60344667
		ACK Number: 1013164238
		SYN Flag: No
		RST Flag: No
		FIN Flag: No
		ACK Flag: Yes
		Window Size: 17424
		Checksum: Incorrect (0xc022) (0xaad7)
